2021-12-08 05:46:03,344 conftest.py <module> 14 INFO  :: {'login': {'target': {'ip': '107.111.150.69', 'username': 'root', 'password': 'siso@123'}, 'initiator': {'ip': '107.111.150.69', 'username': 'root', 'password': 'siso@123'}, 'tar_mlnx_ip': '10.0.0.69', 'init_mlnx_ip': '10.0.0.69', 'paths': {'pos_path': '/root/pos-0.10.5/ibofos'}}}
2021-12-08 05:46:03,384 conftest.py pytest_sessionstart 22 INFO  :: Test Session Start Time : 12/08/2021, 05:46:03
2021-12-08 05:46:03,396 conftest.py pytest_runtest_protocol 32 INFO  :: ======================== START OF test_create_check ========================
2021-12-08 05:46:03,396 conftest.py pytest_runtest_protocol 35 INFO  :: Start Time : 12/08/2021, 05:46:03
2021-12-08 05:46:03,396 node.py __init__ 166 DEBUG  :: SSHclient constructor
2021-12-08 05:46:03,396 node.py connect 67 DEBUG  :: attempting to connect to: 107.111.150.69
2021-12-08 05:46:03,499 node.py connect 69 DEBUG  :: successfully connected to: 107.111.150.69
2021-12-08 05:46:03,500 node.py execute 205 DEBUG  :: Executing Command "/root/pos-0.10.5/ibofos/bin/poseidonos-cli system start --json-res" on host 107.111.150.69
2021-12-08 05:46:43,179 node.py execute 227 DEBUG  :: expected_exit_code is 0 and  current exit code is 0
2021-12-08 05:46:43,181 cli.py run_cli_command 104 INFO  :: ['{"Response": {"command":"STARTPOS","rid":"c7552c66-57e9-11ec-9e1f-ac1f6b5a6938","result":{"status":{"code":0,"description":"PoseidonOS has successfully started"}}} }\r\n']
2021-12-08 05:46:43,182 cli.py run_cli_command 108 INFO  :: command execution completed in  : 0:00:39.681833 secs 
2021-12-08 05:46:43,182 cli.py run_cli_command 112 INFO  :: Raw output of the command start is {"Response": {"command":"STARTPOS","rid":"c7552c66-57e9-11ec-9e1f-ac1f6b5a6938","result":{"status":{"code":0,"description":"PoseidonOS has successfully started"}}} }

2021-12-08 05:46:43,182 cli.py parse_out 43 INFO  :: status code response from the command STARTPOS is 0
2021-12-08 05:46:43,182 cli.py parse_out 47 INFO  :: DESCRIPTION reposonse from command STARTPOS is PoseidonOS has successfully started
2021-12-08 05:46:43,182 cli.py parse_out 68 INFO  :: {'output': {'Response': {'command': 'STARTPOS', 'rid': 'c7552c66-57e9-11ec-9e1f-ac1f6b5a6938', 'result': {'status': {'code': 0, 'description': 'PoseidonOS has successfully started'}}}}, 'command': 'STARTPOS', 'status_code': 0, 'description': 'PoseidonOS has successfully started', 'params': {}, 'data': {}}
2021-12-08 05:46:43,183 node.py execute 205 DEBUG  :: Executing Command "/root/pos-0.10.5/ibofos/bin/poseidonos-cli device create --device-name uram0 --num-blocks 16777216 --block-size 512 --device-type "uram" --json-res" on host 107.111.150.69
2021-12-08 05:46:45,967 node.py execute 227 DEBUG  :: expected_exit_code is 0 and  current exit code is 0
2021-12-08 05:46:45,968 cli.py run_cli_command 104 INFO  :: ['{"Response": {"command":"CREATEDEVICE","rid":"c75ab0ac-57e9-11ec-8bc8-ac1f6b5a6938","result":{"status":{"code":0,"description":"Device has been created"}},"info":{"version":"v0.10.5"}} }\r\n']
2021-12-08 05:46:45,969 cli.py run_cli_command 108 INFO  :: command execution completed in  : 0:00:02.785380 secs 
2021-12-08 05:46:45,969 cli.py run_cli_command 112 INFO  :: Raw output of the command create --device-name uram0 --num-blocks 16777216 --block-size 512 --device-type "uram" is {"Response": {"command":"CREATEDEVICE","rid":"c75ab0ac-57e9-11ec-8bc8-ac1f6b5a6938","result":{"status":{"code":0,"description":"Device has been created"}},"info":{"version":"v0.10.5"}} }

2021-12-08 05:46:45,969 cli.py parse_out 43 INFO  :: status code response from the command CREATEDEVICE is 0
2021-12-08 05:46:45,969 cli.py parse_out 47 INFO  :: DESCRIPTION reposonse from command CREATEDEVICE is Device has been created
2021-12-08 05:46:45,970 cli.py parse_out 68 INFO  :: {'output': {'Response': {'command': 'CREATEDEVICE', 'rid': 'c75ab0ac-57e9-11ec-8bc8-ac1f6b5a6938', 'result': {'status': {'code': 0, 'description': 'Device has been created'}}, 'info': {'version': 'v0.10.5'}}}, 'command': 'CREATEDEVICE', 'status_code': 0, 'description': 'Device has been created', 'params': {}, 'data': {}}
2021-12-08 05:46:45,970 node.py execute 205 DEBUG  :: Executing Command "/root/pos-0.10.5/ibofos/bin/poseidonos-cli device scan --json-res" on host 107.111.150.69
2021-12-08 05:46:52,775 node.py execute 227 DEBUG  :: expected_exit_code is 0 and  current exit code is 0
2021-12-08 05:46:52,776 cli.py run_cli_command 104 INFO  :: ['{"Response": {"command":"SCANDEVICE","rid":"c909cff5-57e9-11ec-8fe7-ac1f6b5a6938","result":{"status":{"code":0,"description":"device scanning complete"}},"info":{"version":"v0.10.5"}} }\r\n']
2021-12-08 05:46:52,777 cli.py run_cli_command 108 INFO  :: command execution completed in  : 0:00:06.807260 secs 
2021-12-08 05:46:52,778 cli.py run_cli_command 112 INFO  :: Raw output of the command scan is {"Response": {"command":"SCANDEVICE","rid":"c909cff5-57e9-11ec-8fe7-ac1f6b5a6938","result":{"status":{"code":0,"description":"device scanning complete"}},"info":{"version":"v0.10.5"}} }

2021-12-08 05:46:52,778 cli.py parse_out 43 INFO  :: status code response from the command SCANDEVICE is 0
2021-12-08 05:46:52,778 cli.py parse_out 47 INFO  :: DESCRIPTION reposonse from command SCANDEVICE is device scanning complete
2021-12-08 05:46:52,778 cli.py parse_out 68 INFO  :: {'output': {'Response': {'command': 'SCANDEVICE', 'rid': 'c909cff5-57e9-11ec-8fe7-ac1f6b5a6938', 'result': {'status': {'code': 0, 'description': 'device scanning complete'}}, 'info': {'version': 'v0.10.5'}}}, 'command': 'SCANDEVICE', 'status_code': 0, 'description': 'device scanning complete', 'params': {}, 'data': {}}
2021-12-08 05:46:52,779 node.py execute 205 DEBUG  :: Executing Command "/root/pos-0.10.5/ibofos/bin/poseidonos-cli subsystem list --json-res" on host 107.111.150.69
2021-12-08 05:46:52,819 node.py execute 227 DEBUG  :: expected_exit_code is 0 and  current exit code is 0
2021-12-08 05:46:52,820 cli.py run_cli_command 104 INFO  :: ['{"Response": {"command":"LISTSUBSYSTEM","rid":"cd122745-57e9-11ec-a530-ac1f6b5a6938","result":{"status":{"code":0,"description":"list of existing subsystems"},"data":{"subsystemlist":[{"nqn":"nqn.2014-08.org.nvmexpress.discovery","subtype":"Discovery","allow_any_host":1,"listen_addresses":[],"hosts":[]}]}},"info":{"version":"v0.10.5"}} }\r\n']
2021-12-08 05:46:52,821 cli.py run_cli_command 108 INFO  :: command execution completed in  : 0:00:00.041985 secs 
2021-12-08 05:46:52,821 cli.py run_cli_command 112 INFO  :: Raw output of the command list is {"Response": {"command":"LISTSUBSYSTEM","rid":"cd122745-57e9-11ec-a530-ac1f6b5a6938","result":{"status":{"code":0,"description":"list of existing subsystems"},"data":{"subsystemlist":[{"nqn":"nqn.2014-08.org.nvmexpress.discovery","subtype":"Discovery","allow_any_host":1,"listen_addresses":[],"hosts":[]}]}},"info":{"version":"v0.10.5"}} }

2021-12-08 05:46:52,821 cli.py parse_out 43 INFO  :: status code response from the command LISTSUBSYSTEM is 0
2021-12-08 05:46:52,821 cli.py parse_out 47 INFO  :: DESCRIPTION reposonse from command LISTSUBSYSTEM is list of existing subsystems
2021-12-08 05:46:52,822 cli.py parse_out 68 INFO  :: {'output': {'Response': {'command': 'LISTSUBSYSTEM', 'rid': 'cd122745-57e9-11ec-a530-ac1f6b5a6938', 'result': {'status': {'code': 0, 'description': 'list of existing subsystems'}, 'data': {'subsystemlist': [{'nqn': 'nqn.2014-08.org.nvmexpress.discovery', 'subtype': 'Discovery', 'allow_any_host': 1, 'listen_addresses': [], 'hosts': []}]}}, 'info': {'version': 'v0.10.5'}}}, 'command': 'LISTSUBSYSTEM', 'status_code': 0, 'description': 'list of existing subsystems', 'data': {'subsystemlist': [{'nqn': 'nqn.2014-08.org.nvmexpress.discovery', 'subtype': 'Discovery', 'allow_any_host': 1, 'listen_addresses': [], 'hosts': []}]}, 'params': {}}
2021-12-08 05:46:52,822 cli.py list_subsystem 947 INFO  :: {'nqn.2014-08.org.nvmexpress.discovery': {'nqn': 'nqn.2014-08.org.nvmexpress.discovery', 'subtype': 'Discovery', 'allow_any_host': 1, 'listen_addresses': [], 'hosts': []}}
2021-12-08 05:46:52,822 target_utils.py generate_nqn_name 61 INFO  :: creating first Nvmf Subsystem
2021-12-08 05:46:52,822 node.py execute 205 DEBUG  :: Executing Command "/root/pos-0.10.5/ibofos/bin/poseidonos-cli subsystem create --subnqn nqn.2021-10.pos:subsystem1 --serial-number POS000000000001 --model-number POS_VOLUME --max-namespaces 512 --allow-any-host --json-res" on host 107.111.150.69
2021-12-08 05:46:52,900 node.py execute 227 DEBUG  :: expected_exit_code is 0 and  current exit code is 0
2021-12-08 05:46:52,900 cli.py run_cli_command 104 INFO  :: ['{"Response": {"command":"CREATESUBSYSTEM","rid":"cd1f5d79-57e9-11ec-8c8d-ac1f6b5a6938","result":{"status":{"code":0,"description":"Subsystem ( nqn.2021-10.pos:subsystem1 ) has been created."}},"info":{"version":"v0.10.5"}} }\r\n']
2021-12-08 05:46:52,901 cli.py run_cli_command 108 INFO  :: command execution completed in  : 0:00:00.078498 secs 
2021-12-08 05:46:52,901 cli.py run_cli_command 112 INFO  :: Raw output of the command create --subnqn nqn.2021-10.pos:subsystem1 --serial-number POS000000000001 --model-number POS_VOLUME --max-namespaces 512 --allow-any-host is {"Response": {"command":"CREATESUBSYSTEM","rid":"cd1f5d79-57e9-11ec-8c8d-ac1f6b5a6938","result":{"status":{"code":0,"description":"Subsystem ( nqn.2021-10.pos:subsystem1 ) has been created."}},"info":{"version":"v0.10.5"}} }

2021-12-08 05:46:52,901 cli.py parse_out 43 INFO  :: status code response from the command CREATESUBSYSTEM is 0
2021-12-08 05:46:52,902 cli.py parse_out 47 INFO  :: DESCRIPTION reposonse from command CREATESUBSYSTEM is Subsystem ( nqn.2021-10.pos:subsystem1 ) has been created.
2021-12-08 05:46:52,902 cli.py parse_out 68 INFO  :: {'output': {'Response': {'command': 'CREATESUBSYSTEM', 'rid': 'cd1f5d79-57e9-11ec-8c8d-ac1f6b5a6938', 'result': {'status': {'code': 0, 'description': 'Subsystem ( nqn.2021-10.pos:subsystem1 ) has been created.'}}, 'info': {'version': 'v0.10.5'}}}, 'command': 'CREATESUBSYSTEM', 'status_code': 0, 'description': 'Subsystem ( nqn.2021-10.pos:subsystem1 ) has been created.', 'params': {}, 'data': {}}
2021-12-08 05:46:52,902 node.py execute 205 DEBUG  :: Executing Command "/root/pos-0.10.5/ibofos/bin/poseidonos-cli devel resetmbr --json-res" on host 107.111.150.69
2021-12-08 05:46:57,903 node.py execute 227 DEBUG  :: expected_exit_code is 0 and  current exit code is 0
2021-12-08 05:46:57,905 cli.py run_cli_command 104 INFO  :: ['{"Response": {"command":"RESETMBR","rid":"cd246371-57e9-11ec-bf13-ac1f6b5a6938","result":{"status":{"code":0,"description":"Reset mbr done"},"data":{}},"info":{"version":"v0.10.5"}} }\r\n']
2021-12-08 05:46:57,905 cli.py run_cli_command 108 INFO  :: command execution completed in  : 0:00:05.002804 secs 
2021-12-08 05:46:57,905 cli.py run_cli_command 112 INFO  :: Raw output of the command resetmbr is {"Response": {"command":"RESETMBR","rid":"cd246371-57e9-11ec-bf13-ac1f6b5a6938","result":{"status":{"code":0,"description":"Reset mbr done"},"data":{}},"info":{"version":"v0.10.5"}} }

2021-12-08 05:46:57,906 cli.py parse_out 43 INFO  :: status code response from the command RESETMBR is 0
2021-12-08 05:46:57,906 cli.py parse_out 47 INFO  :: DESCRIPTION reposonse from command RESETMBR is Reset mbr done
2021-12-08 05:46:57,906 cli.py parse_out 68 INFO  :: {'output': {'Response': {'command': 'RESETMBR', 'rid': 'cd246371-57e9-11ec-bf13-ac1f6b5a6938', 'result': {'status': {'code': 0, 'description': 'Reset mbr done'}, 'data': {}}, 'info': {'version': 'v0.10.5'}}}, 'command': 'RESETMBR', 'status_code': 0, 'description': 'Reset mbr done', 'data': {}, 'params': {}}
2021-12-08 05:46:57,906 node.py execute 205 DEBUG  :: Executing Command "/root/pos-0.10.5/ibofos/bin/poseidonos-cli devel resetmbr --json-res" on host 107.111.150.69
2021-12-08 05:46:57,991 node.py execute 227 DEBUG  :: expected_exit_code is 0 and  current exit code is 0
2021-12-08 05:46:57,992 cli.py run_cli_command 104 INFO  :: ['{"Response": {"command":"RESETMBR","rid":"d0277383-57e9-11ec-a3c3-ac1f6b5a6938","result":{"status":{"code":0,"description":"Reset mbr done"},"data":{}},"info":{"version":"v0.10.5"}} }\r\n']
2021-12-08 05:46:57,992 cli.py run_cli_command 108 INFO  :: command execution completed in  : 0:00:00.085915 secs 
2021-12-08 05:46:57,992 cli.py run_cli_command 112 INFO  :: Raw output of the command resetmbr is {"Response": {"command":"RESETMBR","rid":"d0277383-57e9-11ec-a3c3-ac1f6b5a6938","result":{"status":{"code":0,"description":"Reset mbr done"},"data":{}},"info":{"version":"v0.10.5"}} }

2021-12-08 05:46:57,993 cli.py parse_out 43 INFO  :: status code response from the command RESETMBR is 0
2021-12-08 05:46:57,993 cli.py parse_out 47 INFO  :: DESCRIPTION reposonse from command RESETMBR is Reset mbr done
2021-12-08 05:46:57,993 cli.py parse_out 68 INFO  :: {'output': {'Response': {'command': 'RESETMBR', 'rid': 'd0277383-57e9-11ec-a3c3-ac1f6b5a6938', 'result': {'status': {'code': 0, 'description': 'Reset mbr done'}, 'data': {}}, 'info': {'version': 'v0.10.5'}}}, 'command': 'RESETMBR', 'status_code': 0, 'description': 'Reset mbr done', 'data': {}, 'params': {}}
2021-12-08 05:46:57,993 node.py execute 205 DEBUG  :: Executing Command "/root/pos-0.10.5/ibofos/bin/poseidonos-cli array create -b uram0 -d unvme-ns-0,unvme-ns-1,unvme-ns-2 -s unvme-ns-3 -a POS_ARRAY1 --raid RAID5 --json-res" on host 107.111.150.69
2021-12-08 05:47:04,814 node.py execute 227 DEBUG  :: expected_exit_code is 0 and  current exit code is 0
2021-12-08 05:47:04,815 cli.py run_cli_command 104 INFO  :: ['{"Response": {"command":"CREATEARRAY","rid":"d02cd65a-57e9-11ec-a63e-ac1f6b5a6938","result":{"status":{"code":0,"description":"POS_ARRAY1 is created successfully"}},"info":{"version":"v0.10.5"}} }\r\n']
2021-12-08 05:47:04,815 cli.py run_cli_command 108 INFO  :: command execution completed in  : 0:00:06.822080 secs 
2021-12-08 05:47:04,816 cli.py run_cli_command 112 INFO  :: Raw output of the command create -b uram0 -d unvme-ns-0,unvme-ns-1,unvme-ns-2 -s unvme-ns-3 -a POS_ARRAY1 --raid RAID5 is {"Response": {"command":"CREATEARRAY","rid":"d02cd65a-57e9-11ec-a63e-ac1f6b5a6938","result":{"status":{"code":0,"description":"POS_ARRAY1 is created successfully"}},"info":{"version":"v0.10.5"}} }

2021-12-08 05:47:04,816 cli.py parse_out 43 INFO  :: status code response from the command CREATEARRAY is 0
2021-12-08 05:47:04,816 cli.py parse_out 47 INFO  :: DESCRIPTION reposonse from command CREATEARRAY is POS_ARRAY1 is created successfully
2021-12-08 05:47:04,816 cli.py parse_out 68 INFO  :: {'output': {'Response': {'command': 'CREATEARRAY', 'rid': 'd02cd65a-57e9-11ec-a63e-ac1f6b5a6938', 'result': {'status': {'code': 0, 'description': 'POS_ARRAY1 is created successfully'}}, 'info': {'version': 'v0.10.5'}}}, 'command': 'CREATEARRAY', 'status_code': 0, 'description': 'POS_ARRAY1 is created successfully', 'params': {}, 'data': {}}
2021-12-08 05:47:04,820 conftest.py pytest_runtest_logreport 71 INFO  :: ======================== Test Status : PASS ========================
2021-12-08 05:47:04,822 conftest.py pytest_runtest_protocol 38 INFO  :: End Time : 12/08/2021, 05:47:04
2021-12-08 05:47:04,822 conftest.py pytest_runtest_protocol 43 INFO  :: Execution Time : 1 minutes 1 seconds
2021-12-08 05:47:04,822 conftest.py pytest_runtest_protocol 47 INFO  :: ======================== END OF test_create_check ========================
2021-12-08 05:47:04,823 conftest.py pytest_runtest_protocol 32 INFO  :: ======================== START OF test_unmount_pos_array ========================
2021-12-08 05:47:04,823 conftest.py pytest_runtest_protocol 35 INFO  :: Start Time : 12/08/2021, 05:47:04
2021-12-08 05:47:04,825 node.py execute 205 DEBUG  :: Executing Command "/root/pos-0.10.5/ibofos/bin/poseidonos-cli array mount -a POS_ARRAY1 --json-res" on host 107.111.150.69
2021-12-08 05:47:20,853 node.py execute 227 DEBUG  :: expected_exit_code is 0 and  current exit code is 0
2021-12-08 05:47:20,853 cli.py run_cli_command 104 INFO  :: ['{"Response": {"command":"MOUNTARRAY","rid":"d4454ec2-57e9-11ec-96c8-ac1f6b5a6938","result":{"status":{"code":0,"description":"Array is mounted successfully"}},"info":{"version":"v0.10.5"}} }\r\n']
2021-12-08 05:47:20,853 cli.py run_cli_command 108 INFO  :: command execution completed in  : 0:00:16.028690 secs 
2021-12-08 05:47:20,854 cli.py run_cli_command 112 INFO  :: Raw output of the command mount -a POS_ARRAY1 is {"Response": {"command":"MOUNTARRAY","rid":"d4454ec2-57e9-11ec-96c8-ac1f6b5a6938","result":{"status":{"code":0,"description":"Array is mounted successfully"}},"info":{"version":"v0.10.5"}} }

2021-12-08 05:47:20,854 cli.py parse_out 43 INFO  :: status code response from the command MOUNTARRAY is 0
2021-12-08 05:47:20,854 cli.py parse_out 47 INFO  :: DESCRIPTION reposonse from command MOUNTARRAY is Array is mounted successfully
2021-12-08 05:47:20,854 cli.py parse_out 68 INFO  :: {'output': {'Response': {'command': 'MOUNTARRAY', 'rid': 'd4454ec2-57e9-11ec-96c8-ac1f6b5a6938', 'result': {'status': {'code': 0, 'description': 'Array is mounted successfully'}}, 'info': {'version': 'v0.10.5'}}}, 'command': 'MOUNTARRAY', 'status_code': 0, 'description': 'Array is mounted successfully', 'params': {}, 'data': {}}
2021-12-08 05:47:20,856 node.py execute 205 DEBUG  :: Executing Command "/root/pos-0.10.5/ibofos/bin/poseidonos-cli array unmount -a POS_ARRAY1 --force --json-res" on host 107.111.150.69
2021-12-08 05:47:27,266 node.py execute 227 DEBUG  :: expected_exit_code is 0 and  current exit code is 0
2021-12-08 05:47:27,266 cli.py run_cli_command 104 INFO  :: ['{"Response": {"command":"UNMOUNTARRAY","rid":"ddceaac9-57e9-11ec-85c6-ac1f6b5a6938","result":{"status":{"code":0,"description":"Array is unmounted successfully"}},"info":{"version":"v0.10.5"}} }\r\n']
2021-12-08 05:47:27,267 cli.py run_cli_command 108 INFO  :: command execution completed in  : 0:00:06.410729 secs 
2021-12-08 05:47:27,267 cli.py run_cli_command 112 INFO  :: Raw output of the command unmount -a POS_ARRAY1 --force is {"Response": {"command":"UNMOUNTARRAY","rid":"ddceaac9-57e9-11ec-85c6-ac1f6b5a6938","result":{"status":{"code":0,"description":"Array is unmounted successfully"}},"info":{"version":"v0.10.5"}} }

2021-12-08 05:47:27,267 cli.py parse_out 43 INFO  :: status code response from the command UNMOUNTARRAY is 0
2021-12-08 05:47:27,267 cli.py parse_out 47 INFO  :: DESCRIPTION reposonse from command UNMOUNTARRAY is Array is unmounted successfully
2021-12-08 05:47:27,267 cli.py parse_out 68 INFO  :: {'output': {'Response': {'command': 'UNMOUNTARRAY', 'rid': 'ddceaac9-57e9-11ec-85c6-ac1f6b5a6938', 'result': {'status': {'code': 0, 'description': 'Array is unmounted successfully'}}, 'info': {'version': 'v0.10.5'}}}, 'command': 'UNMOUNTARRAY', 'status_code': 0, 'description': 'Array is unmounted successfully', 'params': {}, 'data': {}}
2021-12-08 05:47:27,269 conftest.py pytest_runtest_logreport 71 INFO  :: ======================== Test Status : PASS ========================
2021-12-08 05:47:27,271 conftest.py pytest_runtest_protocol 38 INFO  :: End Time : 12/08/2021, 05:47:27
2021-12-08 05:47:27,271 conftest.py pytest_runtest_protocol 43 INFO  :: Execution Time : 0 minutes 22 seconds
2021-12-08 05:47:27,271 conftest.py pytest_runtest_protocol 47 INFO  :: ======================== END OF test_unmount_pos_array ========================
2021-12-08 05:47:27,272 conftest.py pytest_runtest_protocol 32 INFO  :: ======================== START OF test_delete_array ========================
2021-12-08 05:47:27,272 conftest.py pytest_runtest_protocol 35 INFO  :: Start Time : 12/08/2021, 05:47:27
2021-12-08 05:47:27,274 node.py execute 205 DEBUG  :: Executing Command "/root/pos-0.10.5/ibofos/bin/poseidonos-cli array delete -a POS_ARRAY1 --force --json-res" on host 107.111.150.69
2021-12-08 05:47:32,402 node.py execute 227 DEBUG  :: expected_exit_code is 0 and  current exit code is 0
2021-12-08 05:47:32,404 cli.py run_cli_command 104 INFO  :: ['{"Response": {"command":"DELETEARRAY","rid":"e1a754e3-57e9-11ec-ba03-ac1f6b5a6938","result":{"status":{"code":0,"description":"POS_ARRAY1 is deleted successfully"}},"info":{"version":"v0.10.5"}} }\r\n']
2021-12-08 05:47:32,404 cli.py run_cli_command 108 INFO  :: command execution completed in  : 0:00:05.129760 secs 
2021-12-08 05:47:32,404 cli.py run_cli_command 112 INFO  :: Raw output of the command delete -a POS_ARRAY1 --force is {"Response": {"command":"DELETEARRAY","rid":"e1a754e3-57e9-11ec-ba03-ac1f6b5a6938","result":{"status":{"code":0,"description":"POS_ARRAY1 is deleted successfully"}},"info":{"version":"v0.10.5"}} }

2021-12-08 05:47:32,405 cli.py parse_out 43 INFO  :: status code response from the command DELETEARRAY is 0
2021-12-08 05:47:32,405 cli.py parse_out 47 INFO  :: DESCRIPTION reposonse from command DELETEARRAY is POS_ARRAY1 is deleted successfully
2021-12-08 05:47:32,405 cli.py parse_out 68 INFO  :: {'output': {'Response': {'command': 'DELETEARRAY', 'rid': 'e1a754e3-57e9-11ec-ba03-ac1f6b5a6938', 'result': {'status': {'code': 0, 'description': 'POS_ARRAY1 is deleted successfully'}}, 'info': {'version': 'v0.10.5'}}}, 'command': 'DELETEARRAY', 'status_code': 0, 'description': 'POS_ARRAY1 is deleted successfully', 'params': {}, 'data': {}}
2021-12-08 05:47:32,407 conftest.py pytest_runtest_logreport 71 INFO  :: ======================== Test Status : PASS ========================
2021-12-08 05:47:32,409 conftest.py pytest_runtest_protocol 38 INFO  :: End Time : 12/08/2021, 05:47:32
2021-12-08 05:47:32,409 conftest.py pytest_runtest_protocol 43 INFO  :: Execution Time : 0 minutes 5 seconds
2021-12-08 05:47:32,409 conftest.py pytest_runtest_protocol 47 INFO  :: ======================== END OF test_delete_array ========================
2021-12-08 05:47:32,409 conftest.py pytest_runtest_protocol 32 INFO  :: ======================== START OF test_create_array_with_out_spare ========================
2021-12-08 05:47:32,410 conftest.py pytest_runtest_protocol 35 INFO  :: Start Time : 12/08/2021, 05:47:32
2021-12-08 05:47:32,413 node.py execute 205 DEBUG  :: Executing Command "/root/pos-0.10.5/ibofos/bin/poseidonos-cli devel resetmbr --json-res" on host 107.111.150.69
2021-12-08 05:47:32,440 node.py execute 227 DEBUG  :: expected_exit_code is 0 and  current exit code is 0
2021-12-08 05:47:32,441 cli.py run_cli_command 104 INFO  :: ['{"Response": {"command":"RESETMBR","rid":"e4b1db5b-57e9-11ec-822b-ac1f6b5a6938","result":{"status":{"code":0,"description":"Reset mbr done"},"data":{}},"info":{"version":"v0.10.5"}} }\r\n']
2021-12-08 05:47:32,441 cli.py run_cli_command 108 INFO  :: command execution completed in  : 0:00:00.028298 secs 
2021-12-08 05:47:32,441 cli.py run_cli_command 112 INFO  :: Raw output of the command resetmbr is {"Response": {"command":"RESETMBR","rid":"e4b1db5b-57e9-11ec-822b-ac1f6b5a6938","result":{"status":{"code":0,"description":"Reset mbr done"},"data":{}},"info":{"version":"v0.10.5"}} }

2021-12-08 05:47:32,441 cli.py parse_out 43 INFO  :: status code response from the command RESETMBR is 0
2021-12-08 05:47:32,441 cli.py parse_out 47 INFO  :: DESCRIPTION reposonse from command RESETMBR is Reset mbr done
2021-12-08 05:47:32,442 cli.py parse_out 68 INFO  :: {'output': {'Response': {'command': 'RESETMBR', 'rid': 'e4b1db5b-57e9-11ec-822b-ac1f6b5a6938', 'result': {'status': {'code': 0, 'description': 'Reset mbr done'}, 'data': {}}, 'info': {'version': 'v0.10.5'}}}, 'command': 'RESETMBR', 'status_code': 0, 'description': 'Reset mbr done', 'data': {}, 'params': {}}
2021-12-08 05:47:32,442 node.py execute 205 DEBUG  :: Executing Command "/root/pos-0.10.5/ibofos/bin/poseidonos-cli devel resetmbr --json-res" on host 107.111.150.69
2021-12-08 05:47:32,518 node.py execute 227 DEBUG  :: expected_exit_code is 0 and  current exit code is 0
2021-12-08 05:47:32,518 cli.py run_cli_command 104 INFO  :: ['{"Response": {"command":"RESETMBR","rid":"e4bc8256-57e9-11ec-ac01-ac1f6b5a6938","result":{"status":{"code":0,"description":"Reset mbr done"},"data":{}},"info":{"version":"v0.10.5"}} }\r\n']
2021-12-08 05:47:32,518 cli.py run_cli_command 108 INFO  :: command execution completed in  : 0:00:00.076578 secs 
2021-12-08 05:47:32,519 cli.py run_cli_command 112 INFO  :: Raw output of the command resetmbr is {"Response": {"command":"RESETMBR","rid":"e4bc8256-57e9-11ec-ac01-ac1f6b5a6938","result":{"status":{"code":0,"description":"Reset mbr done"},"data":{}},"info":{"version":"v0.10.5"}} }

2021-12-08 05:47:32,519 cli.py parse_out 43 INFO  :: status code response from the command RESETMBR is 0
2021-12-08 05:47:32,519 cli.py parse_out 47 INFO  :: DESCRIPTION reposonse from command RESETMBR is Reset mbr done
2021-12-08 05:47:32,519 cli.py parse_out 68 INFO  :: {'output': {'Response': {'command': 'RESETMBR', 'rid': 'e4bc8256-57e9-11ec-ac01-ac1f6b5a6938', 'result': {'status': {'code': 0, 'description': 'Reset mbr done'}, 'data': {}}, 'info': {'version': 'v0.10.5'}}}, 'command': 'RESETMBR', 'status_code': 0, 'description': 'Reset mbr done', 'data': {}, 'params': {}}
2021-12-08 05:47:32,519 node.py execute 205 DEBUG  :: Executing Command "/root/pos-0.10.5/ibofos/bin/poseidonos-cli array create -b uram0 -d unvme-ns-0,unvme-ns-1,unvme-ns-2 -a POS_ARRAY1 --raid RAID5 --json-res" on host 107.111.150.69
2021-12-08 05:47:39,294 node.py execute 227 DEBUG  :: expected_exit_code is 0 and  current exit code is 0
2021-12-08 05:47:39,295 cli.py run_cli_command 104 INFO  :: ['{"Response": {"command":"CREATEARRAY","rid":"e4c13c36-57e9-11ec-9479-ac1f6b5a6938","result":{"status":{"code":0,"description":"POS_ARRAY1 is created successfully"}},"info":{"version":"v0.10.5"}} }\r\n']
2021-12-08 05:47:39,295 cli.py run_cli_command 108 INFO  :: command execution completed in  : 0:00:06.775647 secs 
2021-12-08 05:47:39,295 cli.py run_cli_command 112 INFO  :: Raw output of the command create -b uram0 -d unvme-ns-0,unvme-ns-1,unvme-ns-2 -a POS_ARRAY1 --raid RAID5 is {"Response": {"command":"CREATEARRAY","rid":"e4c13c36-57e9-11ec-9479-ac1f6b5a6938","result":{"status":{"code":0,"description":"POS_ARRAY1 is created successfully"}},"info":{"version":"v0.10.5"}} }

2021-12-08 05:47:39,295 cli.py parse_out 43 INFO  :: status code response from the command CREATEARRAY is 0
2021-12-08 05:47:39,296 cli.py parse_out 47 INFO  :: DESCRIPTION reposonse from command CREATEARRAY is POS_ARRAY1 is created successfully
2021-12-08 05:47:39,296 cli.py parse_out 68 INFO  :: {'output': {'Response': {'command': 'CREATEARRAY', 'rid': 'e4c13c36-57e9-11ec-9479-ac1f6b5a6938', 'result': {'status': {'code': 0, 'description': 'POS_ARRAY1 is created successfully'}}, 'info': {'version': 'v0.10.5'}}}, 'command': 'CREATEARRAY', 'status_code': 0, 'description': 'POS_ARRAY1 is created successfully', 'params': {}, 'data': {}}
2021-12-08 05:47:39,296 node.py execute 205 DEBUG  :: Executing Command "/root/pos-0.10.5/ibofos/bin/poseidonos-cli devel resetmbr --json-res" on host 107.111.150.69
2021-12-08 05:47:44,368 node.py execute 227 DEBUG  :: expected_exit_code is 0 and  current exit code is 0
2021-12-08 05:47:44,370 cli.py run_cli_command 104 INFO  :: ['{"Response": {"command":"RESETMBR","rid":"e8cbd554-57e9-11ec-a0ef-ac1f6b5a6938","result":{"status":{"code":0,"description":"Reset mbr done"},"data":{}},"info":{"version":"v0.10.5"}} }\r\n']
2021-12-08 05:47:44,370 cli.py run_cli_command 108 INFO  :: command execution completed in  : 0:00:05.074355 secs 
2021-12-08 05:47:44,370 cli.py run_cli_command 112 INFO  :: Raw output of the command resetmbr is {"Response": {"command":"RESETMBR","rid":"e8cbd554-57e9-11ec-a0ef-ac1f6b5a6938","result":{"status":{"code":0,"description":"Reset mbr done"},"data":{}},"info":{"version":"v0.10.5"}} }

2021-12-08 05:47:44,371 cli.py parse_out 43 INFO  :: status code response from the command RESETMBR is 0
2021-12-08 05:47:44,371 cli.py parse_out 47 INFO  :: DESCRIPTION reposonse from command RESETMBR is Reset mbr done
2021-12-08 05:47:44,371 cli.py parse_out 68 INFO  :: {'output': {'Response': {'command': 'RESETMBR', 'rid': 'e8cbd554-57e9-11ec-a0ef-ac1f6b5a6938', 'result': {'status': {'code': 0, 'description': 'Reset mbr done'}, 'data': {}}, 'info': {'version': 'v0.10.5'}}}, 'command': 'RESETMBR', 'status_code': 0, 'description': 'Reset mbr done', 'data': {}, 'params': {}}
2021-12-08 05:47:44,371 node.py execute 205 DEBUG  :: Executing Command "/root/pos-0.10.5/ibofos/bin/poseidonos-cli devel resetmbr --json-res" on host 107.111.150.69
2021-12-08 05:47:44,443 node.py execute 227 DEBUG  :: expected_exit_code is 0 and  current exit code is 0
2021-12-08 05:47:44,443 cli.py run_cli_command 104 INFO  :: ['{"Response": {"command":"RESETMBR","rid":"ebd9311e-57e9-11ec-a028-ac1f6b5a6938","result":{"status":{"code":0,"description":"Reset mbr done"},"data":{}},"info":{"version":"v0.10.5"}} }\r\n']
2021-12-08 05:47:44,444 cli.py run_cli_command 108 INFO  :: command execution completed in  : 0:00:00.072358 secs 
2021-12-08 05:47:44,444 cli.py run_cli_command 112 INFO  :: Raw output of the command resetmbr is {"Response": {"command":"RESETMBR","rid":"ebd9311e-57e9-11ec-a028-ac1f6b5a6938","result":{"status":{"code":0,"description":"Reset mbr done"},"data":{}},"info":{"version":"v0.10.5"}} }

2021-12-08 05:47:44,444 cli.py parse_out 43 INFO  :: status code response from the command RESETMBR is 0
2021-12-08 05:47:44,444 cli.py parse_out 47 INFO  :: DESCRIPTION reposonse from command RESETMBR is Reset mbr done
2021-12-08 05:47:44,444 cli.py parse_out 68 INFO  :: {'output': {'Response': {'command': 'RESETMBR', 'rid': 'ebd9311e-57e9-11ec-a028-ac1f6b5a6938', 'result': {'status': {'code': 0, 'description': 'Reset mbr done'}, 'data': {}}, 'info': {'version': 'v0.10.5'}}}, 'command': 'RESETMBR', 'status_code': 0, 'description': 'Reset mbr done', 'data': {}, 'params': {}}
2021-12-08 05:47:44,445 node.py execute 205 DEBUG  :: Executing Command "/root/pos-0.10.5/ibofos/bin/poseidonos-cli array create -b uram0 -d unvme-ns-0,unvme-ns-1,unvme-ns-2 -s unvme-ns-3 -a POS_ARRAY1 --raid RAID5 --json-res" on host 107.111.150.69
2021-12-08 05:47:51,144 node.py execute 227 DEBUG  :: expected_exit_code is 0 and  current exit code is 0
2021-12-08 05:47:51,144 cli.py run_cli_command 104 INFO  :: ['{"Response": {"command":"CREATEARRAY","rid":"ebdde480-57e9-11ec-b6a0-ac1f6b5a6938","result":{"status":{"code":0,"description":"POS_ARRAY1 is created successfully"}},"info":{"version":"v0.10.5"}} }\r\n']
2021-12-08 05:47:51,145 cli.py run_cli_command 108 INFO  :: command execution completed in  : 0:00:06.700082 secs 
2021-12-08 05:47:51,145 cli.py run_cli_command 112 INFO  :: Raw output of the command create -b uram0 -d unvme-ns-0,unvme-ns-1,unvme-ns-2 -s unvme-ns-3 -a POS_ARRAY1 --raid RAID5 is {"Response": {"command":"CREATEARRAY","rid":"ebdde480-57e9-11ec-b6a0-ac1f6b5a6938","result":{"status":{"code":0,"description":"POS_ARRAY1 is created successfully"}},"info":{"version":"v0.10.5"}} }

2021-12-08 05:47:51,145 cli.py parse_out 43 INFO  :: status code response from the command CREATEARRAY is 0
2021-12-08 05:47:51,146 cli.py parse_out 47 INFO  :: DESCRIPTION reposonse from command CREATEARRAY is POS_ARRAY1 is created successfully
2021-12-08 05:47:51,146 cli.py parse_out 68 INFO  :: {'output': {'Response': {'command': 'CREATEARRAY', 'rid': 'ebdde480-57e9-11ec-b6a0-ac1f6b5a6938', 'result': {'status': {'code': 0, 'description': 'POS_ARRAY1 is created successfully'}}, 'info': {'version': 'v0.10.5'}}}, 'command': 'CREATEARRAY', 'status_code': 0, 'description': 'POS_ARRAY1 is created successfully', 'params': {}, 'data': {}}
2021-12-08 05:47:51,146 node.py execute 205 DEBUG  :: Executing Command "/root/pos-0.10.5/ibofos/bin/poseidonos-cli array mount -a POS_ARRAY1 --json-res" on host 107.111.150.69
2021-12-08 05:48:07,012 node.py execute 227 DEBUG  :: expected_exit_code is 0 and  current exit code is 0
2021-12-08 05:48:07,013 cli.py run_cli_command 104 INFO  :: ['{"Response": {"command":"MOUNTARRAY","rid":"efe25fc3-57e9-11ec-bd6f-ac1f6b5a6938","result":{"status":{"code":0,"description":"Array is mounted successfully"}},"info":{"version":"v0.10.5"}} }\r\n']
2021-12-08 05:48:07,014 cli.py run_cli_command 108 INFO  :: command execution completed in  : 0:00:15.867362 secs 
2021-12-08 05:48:07,014 cli.py run_cli_command 112 INFO  :: Raw output of the command mount -a POS_ARRAY1 is {"Response": {"command":"MOUNTARRAY","rid":"efe25fc3-57e9-11ec-bd6f-ac1f6b5a6938","result":{"status":{"code":0,"description":"Array is mounted successfully"}},"info":{"version":"v0.10.5"}} }

2021-12-08 05:48:07,014 cli.py parse_out 43 INFO  :: status code response from the command MOUNTARRAY is 0
2021-12-08 05:48:07,014 cli.py parse_out 47 INFO  :: DESCRIPTION reposonse from command MOUNTARRAY is Array is mounted successfully
2021-12-08 05:48:07,014 cli.py parse_out 68 INFO  :: {'output': {'Response': {'command': 'MOUNTARRAY', 'rid': 'efe25fc3-57e9-11ec-bd6f-ac1f6b5a6938', 'result': {'status': {'code': 0, 'description': 'Array is mounted successfully'}}, 'info': {'version': 'v0.10.5'}}}, 'command': 'MOUNTARRAY', 'status_code': 0, 'description': 'Array is mounted successfully', 'params': {}, 'data': {}}
2021-12-08 05:48:07,017 conftest.py pytest_runtest_logreport 71 INFO  :: ======================== Test Status : PASS ========================
2021-12-08 05:48:07,018 conftest.py pytest_runtest_protocol 38 INFO  :: End Time : 12/08/2021, 05:48:07
2021-12-08 05:48:07,018 conftest.py pytest_runtest_protocol 43 INFO  :: Execution Time : 0 minutes 34 seconds
2021-12-08 05:48:07,019 conftest.py pytest_runtest_protocol 47 INFO  :: ======================== END OF test_create_array_with_out_spare ========================
2021-12-08 05:48:07,019 conftest.py pytest_runtest_protocol 32 INFO  :: ======================== START OF test_array_rebuild ========================
2021-12-08 05:48:07,019 conftest.py pytest_runtest_protocol 35 INFO  :: Start Time : 12/08/2021, 05:48:07
2021-12-08 05:48:07,022 node.py execute 205 DEBUG  :: Executing Command "/root/pos-0.10.5/ibofos/bin/poseidonos-cli array list -a POS_ARRAY1 --json-res" on host 107.111.150.69
2021-12-08 05:48:07,046 node.py execute 227 DEBUG  :: expected_exit_code is 0 and  current exit code is 0
2021-12-08 05:48:07,047 cli.py run_cli_command 104 INFO  :: ['{"Response": {"command":"ARRAYINFO","rid":"f9529123-57e9-11ec-928d-ac1f6b5a6938","result":{"status":{"code":0,"description":"POS_ARRAY1 information"},"data":{"index":0,"name":"POS_ARRAY1","state":"NORMAL","situation":"NORMAL","createDatetime":"2021-12-08 11:14:33 +0530","updateDatetime":"2021-12-08 11:14:56 +0530","rebuildingProgress":"0","capacity":2821793513472,"used":0,"gcMode":"none","devicelist":[{"type":"BUFFER","name":"uram0"},{"type":"DATA","name":"unvme-ns-0"},{"type":"DATA","name":"unvme-ns-1"},{"type":"DATA","name":"unvme-ns-2"},{"type":"SPARE","name":"unvme-ns-3"}]}},"info":{"version":"v0.10.5"}} }\r\n']
2021-12-08 05:48:07,047 cli.py run_cli_command 108 INFO  :: command execution completed in  : 0:00:00.024947 secs 
2021-12-08 05:48:07,047 cli.py run_cli_command 112 INFO  :: Raw output of the command list -a POS_ARRAY1 is {"Response": {"command":"ARRAYINFO","rid":"f9529123-57e9-11ec-928d-ac1f6b5a6938","result":{"status":{"code":0,"description":"POS_ARRAY1 information"},"data":{"index":0,"name":"POS_ARRAY1","state":"NORMAL","situation":"NORMAL","createDatetime":"2021-12-08 11:14:33 +0530","updateDatetime":"2021-12-08 11:14:56 +0530","rebuildingProgress":"0","capacity":2821793513472,"used":0,"gcMode":"none","devicelist":[{"type":"BUFFER","name":"uram0"},{"type":"DATA","name":"unvme-ns-0"},{"type":"DATA","name":"unvme-ns-1"},{"type":"DATA","name":"unvme-ns-2"},{"type":"SPARE","name":"unvme-ns-3"}]}},"info":{"version":"v0.10.5"}} }

2021-12-08 05:48:07,047 cli.py parse_out 43 INFO  :: status code response from the command ARRAYINFO is 0
2021-12-08 05:48:07,047 cli.py parse_out 47 INFO  :: DESCRIPTION reposonse from command ARRAYINFO is POS_ARRAY1 information
2021-12-08 05:48:07,047 cli.py parse_out 68 INFO  :: {'output': {'Response': {'command': 'ARRAYINFO', 'rid': 'f9529123-57e9-11ec-928d-ac1f6b5a6938', 'result': {'status': {'code': 0, 'description': 'POS_ARRAY1 information'}, 'data': {'index': 0, 'name': 'POS_ARRAY1', 'state': 'NORMAL', 'situation': 'NORMAL', 'createDatetime': '2021-12-08 11:14:33 +0530', 'updateDatetime': '2021-12-08 11:14:56 +0530', 'rebuildingProgress': '0', 'capacity': 2821793513472, 'used': 0, 'gcMode': 'none', 'devicelist': [{'type': 'BUFFER', 'name': 'uram0'}, {'type': 'DATA', 'name': 'unvme-ns-0'}, {'type': 'DATA', 'name': 'unvme-ns-1'}, {'type': 'DATA', 'name': 'unvme-ns-2'}, {'type': 'SPARE', 'name': 'unvme-ns-3'}]}}, 'info': {'version': 'v0.10.5'}}}, 'command': 'ARRAYINFO', 'status_code': 0, 'description': 'POS_ARRAY1 information', 'data': {'index': 0, 'name': 'POS_ARRAY1', 'state': 'NORMAL', 'situation': 'NORMAL', 'createDatetime': '2021-12-08 11:14:33 +0530', 'updateDatetime': '2021-12-08 11:14:56 +0530', 'rebuildingProgress': '0', 'capacity': 2821793513472, 'used': 0, 'gcMode': 'none', 'devicelist': [{'type': 'BUFFER', 'name': 'uram0'}, {'type': 'DATA', 'name': 'unvme-ns-0'}, {'type': 'DATA', 'name': 'unvme-ns-1'}, {'type': 'DATA', 'name': 'unvme-ns-2'}, {'type': 'SPARE', 'name': 'unvme-ns-3'}]}, 'params': {}}
2021-12-08 05:48:07,047 node.py execute 205 DEBUG  :: Executing Command "/root/pos-0.10.5/ibofos/bin/poseidonos-cli device list --json-res" on host 107.111.150.69
2021-12-08 05:48:07,122 node.py execute 227 DEBUG  :: expected_exit_code is 0 and  current exit code is 0
2021-12-08 05:48:07,123 cli.py run_cli_command 104 INFO  :: ['{"Response": {"command":"LISTDEVICE","rid":"f95c75ff-57e9-11ec-9d60-ac1f6b5a6938","result":{"status":{"code":0,"description":"list of existing devices"},"data":{"devicelist":[{"name":"unvme-ns-0","size":1600321314816,"mn":"SAMSUNG MZWLL1T6HAJQ-00005              ","sn":"S4C9NF0M500348      ","type":"SSD","addr":"0000:18:00.0","class":"ARRAY","numa":"0"},{"name":"unvme-ns-1","size":1600321314816,"mn":"SAMSUNG MZWLL1T6HAJQ-00005              ","sn":"S4C9NF0M500649      ","type":"SSD","addr":"0000:19:00.0","class":"ARRAY","numa":"0"},{"name":"unvme-ns-2","size":1600321314816,"mn":"SAMSUNG MZWLL1T6HAJQ-00005              ","sn":"S4C9NF0M500592      ","type":"SSD","addr":"0000:86:00.0","class":"ARRAY","numa":"1"},{"name":"unvme-ns-3","size":1600321314816,"mn":"SAMSUNG MZWLL1T6HAJQ-00005              ","sn":"S4C9NF0M500365      ","type":"SSD","addr":"0000:87:00.0","class":"ARRAY","numa":"1"},{"name":"uram0","size":8589934592,"mn":"uram0","sn":"uram0","type":"NVRAM","addr":"","class":"ARRAY","numa":"0"}]}},"info":{"version":"v0.10.5"}} }\r\n']
2021-12-08 05:48:07,123 cli.py run_cli_command 108 INFO  :: command execution completed in  : 0:00:00.075711 secs 
2021-12-08 05:48:07,123 cli.py run_cli_command 112 INFO  :: Raw output of the command list is {"Response": {"command":"LISTDEVICE","rid":"f95c75ff-57e9-11ec-9d60-ac1f6b5a6938","result":{"status":{"code":0,"description":"list of existing devices"},"data":{"devicelist":[{"name":"unvme-ns-0","size":1600321314816,"mn":"SAMSUNG MZWLL1T6HAJQ-00005              ","sn":"S4C9NF0M500348      ","type":"SSD","addr":"0000:18:00.0","class":"ARRAY","numa":"0"},{"name":"unvme-ns-1","size":1600321314816,"mn":"SAMSUNG MZWLL1T6HAJQ-00005              ","sn":"S4C9NF0M500649      ","type":"SSD","addr":"0000:19:00.0","class":"ARRAY","numa":"0"},{"name":"unvme-ns-2","size":1600321314816,"mn":"SAMSUNG MZWLL1T6HAJQ-00005              ","sn":"S4C9NF0M500592      ","type":"SSD","addr":"0000:86:00.0","class":"ARRAY","numa":"1"},{"name":"unvme-ns-3","size":1600321314816,"mn":"SAMSUNG MZWLL1T6HAJQ-00005              ","sn":"S4C9NF0M500365      ","type":"SSD","addr":"0000:87:00.0","class":"ARRAY","numa":"1"},{"name":"uram0","size":8589934592,"mn":"uram0","sn":"uram0","type":"NVRAM","addr":"","class":"ARRAY","numa":"0"}]}},"info":{"version":"v0.10.5"}} }

2021-12-08 05:48:07,124 cli.py parse_out 43 INFO  :: status code response from the command LISTDEVICE is 0
2021-12-08 05:48:07,124 cli.py parse_out 47 INFO  :: DESCRIPTION reposonse from command LISTDEVICE is list of existing devices
2021-12-08 05:48:07,124 cli.py parse_out 68 INFO  :: {'output': {'Response': {'command': 'LISTDEVICE', 'rid': 'f95c75ff-57e9-11ec-9d60-ac1f6b5a6938', 'result': {'status': {'code': 0, 'description': 'list of existing devices'}, 'data': {'devicelist': [{'name': 'unvme-ns-0', 'size': 1600321314816, 'mn': 'SAMSUNG MZWLL1T6HAJQ-00005              ', 'sn': 'S4C9NF0M500348      ', 'type': 'SSD', 'addr': '0000:18:00.0', 'class': 'ARRAY', 'numa': '0'}, {'name': 'unvme-ns-1', 'size': 1600321314816, 'mn': 'SAMSUNG MZWLL1T6HAJQ-00005              ', 'sn': 'S4C9NF0M500649      ', 'type': 'SSD', 'addr': '0000:19:00.0', 'class': 'ARRAY', 'numa': '0'}, {'name': 'unvme-ns-2', 'size': 1600321314816, 'mn': 'SAMSUNG MZWLL1T6HAJQ-00005              ', 'sn': 'S4C9NF0M500592      ', 'type': 'SSD', 'addr': '0000:86:00.0', 'class': 'ARRAY', 'numa': '1'}, {'name': 'unvme-ns-3', 'size': 1600321314816, 'mn': 'SAMSUNG MZWLL1T6HAJQ-00005              ', 'sn': 'S4C9NF0M500365      ', 'type': 'SSD', 'addr': '0000:87:00.0', 'class': 'ARRAY', 'numa': '1'}, {'name': 'uram0', 'size': 8589934592, 'mn': 'uram0', 'sn': 'uram0', 'type': 'NVRAM', 'addr': '', 'class': 'ARRAY', 'numa': '0'}]}}, 'info': {'version': 'v0.10.5'}}}, 'command': 'LISTDEVICE', 'status_code': 0, 'description': 'list of existing devices', 'data': {'devicelist': [{'name': 'unvme-ns-0', 'size': 1600321314816, 'mn': 'SAMSUNG MZWLL1T6HAJQ-00005              ', 'sn': 'S4C9NF0M500348      ', 'type': 'SSD', 'addr': '0000:18:00.0', 'class': 'ARRAY', 'numa': '0'}, {'name': 'unvme-ns-1', 'size': 1600321314816, 'mn': 'SAMSUNG MZWLL1T6HAJQ-00005              ', 'sn': 'S4C9NF0M500649      ', 'type': 'SSD', 'addr': '0000:19:00.0', 'class': 'ARRAY', 'numa': '0'}, {'name': 'unvme-ns-2', 'size': 1600321314816, 'mn': 'SAMSUNG MZWLL1T6HAJQ-00005              ', 'sn': 'S4C9NF0M500592      ', 'type': 'SSD', 'addr': '0000:86:00.0', 'class': 'ARRAY', 'numa': '1'}, {'name': 'unvme-ns-3', 'size': 1600321314816, 'mn': 'SAMSUNG MZWLL1T6HAJQ-00005              ', 'sn': 'S4C9NF0M500365      ', 'type': 'SSD', 'addr': '0000:87:00.0', 'class': 'ARRAY', 'numa': '1'}, {'name': 'uram0', 'size': 8589934592, 'mn': 'uram0', 'sn': 'uram0', 'type': 'NVRAM', 'addr': '', 'class': 'ARRAY', 'numa': '0'}]}, 'params': {}}
2021-12-08 05:48:07,124 node.py execute 205 DEBUG  :: Executing Command "/root/pos-0.10.5/ibofos/bin/poseidonos-cli device list --json-res" on host 107.111.150.69
2021-12-08 05:48:07,162 node.py execute 227 DEBUG  :: expected_exit_code is 0 and  current exit code is 0
2021-12-08 05:48:07,163 cli.py run_cli_command 104 INFO  :: ['{"Response": {"command":"LISTDEVICE","rid":"f9627ecc-57e9-11ec-a9dc-ac1f6b5a6938","result":{"status":{"code":0,"description":"list of existing devices"},"data":{"devicelist":[{"name":"unvme-ns-0","size":1600321314816,"mn":"SAMSUNG MZWLL1T6HAJQ-00005              ","sn":"S4C9NF0M500348      ","type":"SSD","addr":"0000:18:00.0","class":"ARRAY","numa":"0"},{"name":"unvme-ns-1","size":1600321314816,"mn":"SAMSUNG MZWLL1T6HAJQ-00005              ","sn":"S4C9NF0M500649      ","type":"SSD","addr":"0000:19:00.0","class":"ARRAY","numa":"0"},{"name":"unvme-ns-2","size":1600321314816,"mn":"SAMSUNG MZWLL1T6HAJQ-00005              ","sn":"S4C9NF0M500592      ","type":"SSD","addr":"0000:86:00.0","class":"ARRAY","numa":"1"},{"name":"unvme-ns-3","size":1600321314816,"mn":"SAMSUNG MZWLL1T6HAJQ-00005              ","sn":"S4C9NF0M500365      ","type":"SSD","addr":"0000:87:00.0","class":"ARRAY","numa":"1"},{"name":"uram0","size":8589934592,"mn":"uram0","sn":"uram0","type":"NVRAM","addr":"","class":"ARRAY","numa":"0"}]}},"info":{"version":"v0.10.5"}} }\r\n']
2021-12-08 05:48:07,163 cli.py run_cli_command 108 INFO  :: command execution completed in  : 0:00:00.038387 secs 
2021-12-08 05:48:07,163 cli.py run_cli_command 112 INFO  :: Raw output of the command list is {"Response": {"command":"LISTDEVICE","rid":"f9627ecc-57e9-11ec-a9dc-ac1f6b5a6938","result":{"status":{"code":0,"description":"list of existing devices"},"data":{"devicelist":[{"name":"unvme-ns-0","size":1600321314816,"mn":"SAMSUNG MZWLL1T6HAJQ-00005              ","sn":"S4C9NF0M500348      ","type":"SSD","addr":"0000:18:00.0","class":"ARRAY","numa":"0"},{"name":"unvme-ns-1","size":1600321314816,"mn":"SAMSUNG MZWLL1T6HAJQ-00005              ","sn":"S4C9NF0M500649      ","type":"SSD","addr":"0000:19:00.0","class":"ARRAY","numa":"0"},{"name":"unvme-ns-2","size":1600321314816,"mn":"SAMSUNG MZWLL1T6HAJQ-00005              ","sn":"S4C9NF0M500592      ","type":"SSD","addr":"0000:86:00.0","class":"ARRAY","numa":"1"},{"name":"unvme-ns-3","size":1600321314816,"mn":"SAMSUNG MZWLL1T6HAJQ-00005              ","sn":"S4C9NF0M500365      ","type":"SSD","addr":"0000:87:00.0","class":"ARRAY","numa":"1"},{"name":"uram0","size":8589934592,"mn":"uram0","sn":"uram0","type":"NVRAM","addr":"","class":"ARRAY","numa":"0"}]}},"info":{"version":"v0.10.5"}} }

2021-12-08 05:48:07,163 cli.py parse_out 43 INFO  :: status code response from the command LISTDEVICE is 0
2021-12-08 05:48:07,163 cli.py parse_out 47 INFO  :: DESCRIPTION reposonse from command LISTDEVICE is list of existing devices
2021-12-08 05:48:07,163 cli.py parse_out 68 INFO  :: {'output': {'Response': {'command': 'LISTDEVICE', 'rid': 'f9627ecc-57e9-11ec-a9dc-ac1f6b5a6938', 'result': {'status': {'code': 0, 'description': 'list of existing devices'}, 'data': {'devicelist': [{'name': 'unvme-ns-0', 'size': 1600321314816, 'mn': 'SAMSUNG MZWLL1T6HAJQ-00005              ', 'sn': 'S4C9NF0M500348      ', 'type': 'SSD', 'addr': '0000:18:00.0', 'class': 'ARRAY', 'numa': '0'}, {'name': 'unvme-ns-1', 'size': 1600321314816, 'mn': 'SAMSUNG MZWLL1T6HAJQ-00005              ', 'sn': 'S4C9NF0M500649      ', 'type': 'SSD', 'addr': '0000:19:00.0', 'class': 'ARRAY', 'numa': '0'}, {'name': 'unvme-ns-2', 'size': 1600321314816, 'mn': 'SAMSUNG MZWLL1T6HAJQ-00005              ', 'sn': 'S4C9NF0M500592      ', 'type': 'SSD', 'addr': '0000:86:00.0', 'class': 'ARRAY', 'numa': '1'}, {'name': 'unvme-ns-3', 'size': 1600321314816, 'mn': 'SAMSUNG MZWLL1T6HAJQ-00005              ', 'sn': 'S4C9NF0M500365      ', 'type': 'SSD', 'addr': '0000:87:00.0', 'class': 'ARRAY', 'numa': '1'}, {'name': 'uram0', 'size': 8589934592, 'mn': 'uram0', 'sn': 'uram0', 'type': 'NVRAM', 'addr': '', 'class': 'ARRAY', 'numa': '0'}]}}, 'info': {'version': 'v0.10.5'}}}, 'command': 'LISTDEVICE', 'status_code': 0, 'description': 'list of existing devices', 'data': {'devicelist': [{'name': 'unvme-ns-0', 'size': 1600321314816, 'mn': 'SAMSUNG MZWLL1T6HAJQ-00005              ', 'sn': 'S4C9NF0M500348      ', 'type': 'SSD', 'addr': '0000:18:00.0', 'class': 'ARRAY', 'numa': '0'}, {'name': 'unvme-ns-1', 'size': 1600321314816, 'mn': 'SAMSUNG MZWLL1T6HAJQ-00005              ', 'sn': 'S4C9NF0M500649      ', 'type': 'SSD', 'addr': '0000:19:00.0', 'class': 'ARRAY', 'numa': '0'}, {'name': 'unvme-ns-2', 'size': 1600321314816, 'mn': 'SAMSUNG MZWLL1T6HAJQ-00005              ', 'sn': 'S4C9NF0M500592      ', 'type': 'SSD', 'addr': '0000:86:00.0', 'class': 'ARRAY', 'numa': '1'}, {'name': 'unvme-ns-3', 'size': 1600321314816, 'mn': 'SAMSUNG MZWLL1T6HAJQ-00005              ', 'sn': 'S4C9NF0M500365      ', 'type': 'SSD', 'addr': '0000:87:00.0', 'class': 'ARRAY', 'numa': '1'}, {'name': 'uram0', 'size': 8589934592, 'mn': 'uram0', 'sn': 'uram0', 'type': 'NVRAM', 'addr': '', 'class': 'ARRAY', 'numa': '0'}]}, 'params': {}}
2021-12-08 05:48:07,164 target_utils.py dev_bdf_map 102 INFO  :: {'unvme-ns-0': '0000:18:00.0'}
2021-12-08 05:48:07,164 target_utils.py dev_bdf_map 102 INFO  :: {'unvme-ns-0': '0000:18:00.0', 'unvme-ns-1': '0000:19:00.0'}
2021-12-08 05:48:07,164 target_utils.py dev_bdf_map 102 INFO  :: {'unvme-ns-0': '0000:18:00.0', 'unvme-ns-1': '0000:19:00.0', 'unvme-ns-2': '0000:86:00.0'}
2021-12-08 05:48:07,164 target_utils.py dev_bdf_map 102 INFO  :: {'unvme-ns-0': '0000:18:00.0', 'unvme-ns-1': '0000:19:00.0', 'unvme-ns-2': '0000:86:00.0', 'unvme-ns-3': '0000:87:00.0'}
2021-12-08 05:48:07,164 target_utils.py dev_bdf_map 102 INFO  :: {'unvme-ns-0': '0000:18:00.0', 'unvme-ns-1': '0000:19:00.0', 'unvme-ns-2': '0000:86:00.0', 'unvme-ns-3': '0000:87:00.0', 'uram0': ''}
2021-12-08 05:48:07,164 target_utils.py device_hot_remove 139 INFO  :: pci address 0000:18:00.0 for the given device is unvme-ns-0 
2021-12-08 05:48:07,164 target_utils.py device_hot_remove 144 INFO  :: Executing hot plug command echo 1 > /sys/bus/pci/devices/0000:18:00.0/remove  
2021-12-08 05:48:07,164 node.py execute 205 DEBUG  :: Executing Command "echo 1 > /sys/bus/pci/devices/0000:18:00.0/remove " on host 107.111.150.69
2021-12-08 05:48:07,215 node.py execute 227 DEBUG  :: expected_exit_code is 0 and  current exit code is 0
2021-12-08 05:48:12,221 node.py execute 205 DEBUG  :: Executing Command "/root/pos-0.10.5/ibofos/bin/poseidonos-cli device list --json-res" on host 107.111.150.69
2021-12-08 05:48:12,248 node.py execute 227 DEBUG  :: expected_exit_code is 0 and  current exit code is 0
2021-12-08 05:48:12,249 cli.py run_cli_command 104 INFO  :: ['{"Response": {"command":"LISTDEVICE","rid":"fc6c2a28-57e9-11ec-9708-ac1f6b5a6938","result":{"status":{"code":0,"description":"list of existing devices"},"data":{"devicelist":[{"name":"unvme-ns-1","size":1600321314816,"mn":"SAMSUNG MZWLL1T6HAJQ-00005              ","sn":"S4C9NF0M500649      ","type":"SSD","addr":"0000:19:00.0","class":"ARRAY","numa":"0"},{"name":"unvme-ns-2","size":1600321314816,"mn":"SAMSUNG MZWLL1T6HAJQ-00005              ","sn":"S4C9NF0M500592      ","type":"SSD","addr":"0000:86:00.0","class":"ARRAY","numa":"1"},{"name":"unvme-ns-3","size":1600321314816,"mn":"SAMSUNG MZWLL1T6HAJQ-00005              ","sn":"S4C9NF0M500365      ","type":"SSD","addr":"0000:87:00.0","class":"ARRAY","numa":"1"},{"name":"uram0","size":8589934592,"mn":"uram0","sn":"uram0","type":"NVRAM","addr":"","class":"ARRAY","numa":"0"}]}},"info":{"version":"v0.10.5"}} }\r\n']
2021-12-08 05:48:12,249 cli.py run_cli_command 108 INFO  :: command execution completed in  : 0:00:00.028367 secs 
2021-12-08 05:48:12,249 cli.py run_cli_command 112 INFO  :: Raw output of the command list is {"Response": {"command":"LISTDEVICE","rid":"fc6c2a28-57e9-11ec-9708-ac1f6b5a6938","result":{"status":{"code":0,"description":"list of existing devices"},"data":{"devicelist":[{"name":"unvme-ns-1","size":1600321314816,"mn":"SAMSUNG MZWLL1T6HAJQ-00005              ","sn":"S4C9NF0M500649      ","type":"SSD","addr":"0000:19:00.0","class":"ARRAY","numa":"0"},{"name":"unvme-ns-2","size":1600321314816,"mn":"SAMSUNG MZWLL1T6HAJQ-00005              ","sn":"S4C9NF0M500592      ","type":"SSD","addr":"0000:86:00.0","class":"ARRAY","numa":"1"},{"name":"unvme-ns-3","size":1600321314816,"mn":"SAMSUNG MZWLL1T6HAJQ-00005              ","sn":"S4C9NF0M500365      ","type":"SSD","addr":"0000:87:00.0","class":"ARRAY","numa":"1"},{"name":"uram0","size":8589934592,"mn":"uram0","sn":"uram0","type":"NVRAM","addr":"","class":"ARRAY","numa":"0"}]}},"info":{"version":"v0.10.5"}} }

2021-12-08 05:48:12,249 cli.py parse_out 43 INFO  :: status code response from the command LISTDEVICE is 0
2021-12-08 05:48:12,249 cli.py parse_out 47 INFO  :: DESCRIPTION reposonse from command LISTDEVICE is list of existing devices
2021-12-08 05:48:12,250 cli.py parse_out 68 INFO  :: {'output': {'Response': {'command': 'LISTDEVICE', 'rid': 'fc6c2a28-57e9-11ec-9708-ac1f6b5a6938', 'result': {'status': {'code': 0, 'description': 'list of existing devices'}, 'data': {'devicelist': [{'name': 'unvme-ns-1', 'size': 1600321314816, 'mn': 'SAMSUNG MZWLL1T6HAJQ-00005              ', 'sn': 'S4C9NF0M500649      ', 'type': 'SSD', 'addr': '0000:19:00.0', 'class': 'ARRAY', 'numa': '0'}, {'name': 'unvme-ns-2', 'size': 1600321314816, 'mn': 'SAMSUNG MZWLL1T6HAJQ-00005              ', 'sn': 'S4C9NF0M500592      ', 'type': 'SSD', 'addr': '0000:86:00.0', 'class': 'ARRAY', 'numa': '1'}, {'name': 'unvme-ns-3', 'size': 1600321314816, 'mn': 'SAMSUNG MZWLL1T6HAJQ-00005              ', 'sn': 'S4C9NF0M500365      ', 'type': 'SSD', 'addr': '0000:87:00.0', 'class': 'ARRAY', 'numa': '1'}, {'name': 'uram0', 'size': 8589934592, 'mn': 'uram0', 'sn': 'uram0', 'type': 'NVRAM', 'addr': '', 'class': 'ARRAY', 'numa': '0'}]}}, 'info': {'version': 'v0.10.5'}}}, 'command': 'LISTDEVICE', 'status_code': 0, 'description': 'list of existing devices', 'data': {'devicelist': [{'name': 'unvme-ns-1', 'size': 1600321314816, 'mn': 'SAMSUNG MZWLL1T6HAJQ-00005              ', 'sn': 'S4C9NF0M500649      ', 'type': 'SSD', 'addr': '0000:19:00.0', 'class': 'ARRAY', 'numa': '0'}, {'name': 'unvme-ns-2', 'size': 1600321314816, 'mn': 'SAMSUNG MZWLL1T6HAJQ-00005              ', 'sn': 'S4C9NF0M500592      ', 'type': 'SSD', 'addr': '0000:86:00.0', 'class': 'ARRAY', 'numa': '1'}, {'name': 'unvme-ns-3', 'size': 1600321314816, 'mn': 'SAMSUNG MZWLL1T6HAJQ-00005              ', 'sn': 'S4C9NF0M500365      ', 'type': 'SSD', 'addr': '0000:87:00.0', 'class': 'ARRAY', 'numa': '1'}, {'name': 'uram0', 'size': 8589934592, 'mn': 'uram0', 'sn': 'uram0', 'type': 'NVRAM', 'addr': '', 'class': 'ARRAY', 'numa': '0'}]}, 'params': {}}
2021-12-08 05:48:12,250 target_utils.py dev_bdf_map 102 INFO  :: {'unvme-ns-1': '0000:19:00.0'}
2021-12-08 05:48:12,250 target_utils.py dev_bdf_map 102 INFO  :: {'unvme-ns-1': '0000:19:00.0', 'unvme-ns-2': '0000:86:00.0'}
2021-12-08 05:48:12,250 target_utils.py dev_bdf_map 102 INFO  :: {'unvme-ns-1': '0000:19:00.0', 'unvme-ns-2': '0000:86:00.0', 'unvme-ns-3': '0000:87:00.0'}
2021-12-08 05:48:12,250 target_utils.py dev_bdf_map 102 INFO  :: {'unvme-ns-1': '0000:19:00.0', 'unvme-ns-2': '0000:86:00.0', 'unvme-ns-3': '0000:87:00.0', 'uram0': ''}
2021-12-08 05:48:12,251 target_utils.py device_hot_remove 164 INFO  :: Successfully removed the device unvme-ns-0 
2021-12-08 05:48:12,251 node.py execute 205 DEBUG  :: Executing Command "/root/pos-0.10.5/ibofos/bin/poseidonos-cli array list -a POS_ARRAY1 --json-res" on host 107.111.150.69
2021-12-08 05:48:12,332 node.py execute 227 DEBUG  :: expected_exit_code is 0 and  current exit code is 0
2021-12-08 05:48:12,332 cli.py run_cli_command 104 INFO  :: ['{"Response": {"command":"ARRAYINFO","rid":"fc7693f5-57e9-11ec-adca-ac1f6b5a6938","result":{"status":{"code":0,"description":"POS_ARRAY1 information"},"data":{"index":0,"name":"POS_ARRAY1","state":"BUSY","situation":"REBUILDING","createDatetime":"2021-12-08 11:14:33 +0530","updateDatetime":"2021-12-08 11:14:56 +0530","rebuildingProgress":"8","capacity":2821793513472,"used":0,"gcMode":"none","devicelist":[{"type":"BUFFER","name":"uram0"},{"type":"DATA","name":"unvme-ns-3"},{"type":"DATA","name":"unvme-ns-1"},{"type":"DATA","name":"unvme-ns-2"}]}},"info":{"version":"v0.10.5"}} }\r\n']
2021-12-08 05:48:12,333 cli.py run_cli_command 108 INFO  :: command execution completed in  : 0:00:00.082048 secs 
2021-12-08 05:48:12,333 cli.py run_cli_command 112 INFO  :: Raw output of the command list -a POS_ARRAY1 is {"Response": {"command":"ARRAYINFO","rid":"fc7693f5-57e9-11ec-adca-ac1f6b5a6938","result":{"status":{"code":0,"description":"POS_ARRAY1 information"},"data":{"index":0,"name":"POS_ARRAY1","state":"BUSY","situation":"REBUILDING","createDatetime":"2021-12-08 11:14:33 +0530","updateDatetime":"2021-12-08 11:14:56 +0530","rebuildingProgress":"8","capacity":2821793513472,"used":0,"gcMode":"none","devicelist":[{"type":"BUFFER","name":"uram0"},{"type":"DATA","name":"unvme-ns-3"},{"type":"DATA","name":"unvme-ns-1"},{"type":"DATA","name":"unvme-ns-2"}]}},"info":{"version":"v0.10.5"}} }

2021-12-08 05:48:12,333 cli.py parse_out 43 INFO  :: status code response from the command ARRAYINFO is 0
2021-12-08 05:48:12,333 cli.py parse_out 47 INFO  :: DESCRIPTION reposonse from command ARRAYINFO is POS_ARRAY1 information
2021-12-08 05:48:12,334 cli.py parse_out 68 INFO  :: {'output': {'Response': {'command': 'ARRAYINFO', 'rid': 'fc7693f5-57e9-11ec-adca-ac1f6b5a6938', 'result': {'status': {'code': 0, 'description': 'POS_ARRAY1 information'}, 'data': {'index': 0, 'name': 'POS_ARRAY1', 'state': 'BUSY', 'situation': 'REBUILDING', 'createDatetime': '2021-12-08 11:14:33 +0530', 'updateDatetime': '2021-12-08 11:14:56 +0530', 'rebuildingProgress': '8', 'capacity': 2821793513472, 'used': 0, 'gcMode': 'none', 'devicelist': [{'type': 'BUFFER', 'name': 'uram0'}, {'type': 'DATA', 'name': 'unvme-ns-3'}, {'type': 'DATA', 'name': 'unvme-ns-1'}, {'type': 'DATA', 'name': 'unvme-ns-2'}]}}, 'info': {'version': 'v0.10.5'}}}, 'command': 'ARRAYINFO', 'status_code': 0, 'description': 'POS_ARRAY1 information', 'data': {'index': 0, 'name': 'POS_ARRAY1', 'state': 'BUSY', 'situation': 'REBUILDING', 'createDatetime': '2021-12-08 11:14:33 +0530', 'updateDatetime': '2021-12-08 11:14:56 +0530', 'rebuildingProgress': '8', 'capacity': 2821793513472, 'used': 0, 'gcMode': 'none', 'devicelist': [{'type': 'BUFFER', 'name': 'uram0'}, {'type': 'DATA', 'name': 'unvme-ns-3'}, {'type': 'DATA', 'name': 'unvme-ns-1'}, {'type': 'DATA', 'name': 'unvme-ns-2'}]}, 'params': {}}
2021-12-08 05:48:12,334 test_array.py test_array_rebuild 47 INFO  :: Array is in rebuilding state
2021-12-08 05:48:12,335 node.py execute 205 DEBUG  :: Executing Command "/root/pos-0.10.5/ibofos/bin/poseidonos-cli array list -a POS_ARRAY1 --json-res" on host 107.111.150.69
2021-12-08 05:48:12,372 node.py execute 227 DEBUG  :: expected_exit_code is 0 and  current exit code is 0
2021-12-08 05:48:12,373 cli.py run_cli_command 104 INFO  :: ['{"Response": {"command":"ARRAYINFO","rid":"fc7cb8dc-57e9-11ec-9237-ac1f6b5a6938","result":{"status":{"code":0,"description":"POS_ARRAY1 information"},"data":{"index":0,"name":"POS_ARRAY1","state":"BUSY","situation":"REBUILDING","createDatetime":"2021-12-08 11:14:33 +0530","updateDatetime":"2021-12-08 11:14:56 +0530","rebuildingProgress":"9","capacity":2821793513472,"used":0,"gcMode":"none","devicelist":[{"type":"BUFFER","name":"uram0"},{"type":"DATA","name":"unvme-ns-3"},{"type":"DATA","name":"unvme-ns-1"},{"type":"DATA","name":"unvme-ns-2"}]}},"info":{"version":"v0.10.5"}} }\r\n']
2021-12-08 05:48:12,373 cli.py run_cli_command 108 INFO  :: command execution completed in  : 0:00:00.038764 secs 
2021-12-08 05:48:12,373 cli.py run_cli_command 112 INFO  :: Raw output of the command list -a POS_ARRAY1 is {"Response": {"command":"ARRAYINFO","rid":"fc7cb8dc-57e9-11ec-9237-ac1f6b5a6938","result":{"status":{"code":0,"description":"POS_ARRAY1 information"},"data":{"index":0,"name":"POS_ARRAY1","state":"BUSY","situation":"REBUILDING","createDatetime":"2021-12-08 11:14:33 +0530","updateDatetime":"2021-12-08 11:14:56 +0530","rebuildingProgress":"9","capacity":2821793513472,"used":0,"gcMode":"none","devicelist":[{"type":"BUFFER","name":"uram0"},{"type":"DATA","name":"unvme-ns-3"},{"type":"DATA","name":"unvme-ns-1"},{"type":"DATA","name":"unvme-ns-2"}]}},"info":{"version":"v0.10.5"}} }

2021-12-08 05:48:12,374 cli.py parse_out 43 INFO  :: status code response from the command ARRAYINFO is 0
2021-12-08 05:48:12,374 cli.py parse_out 47 INFO  :: DESCRIPTION reposonse from command ARRAYINFO is POS_ARRAY1 information
2021-12-08 05:48:12,374 cli.py parse_out 68 INFO  :: {'output': {'Response': {'command': 'ARRAYINFO', 'rid': 'fc7cb8dc-57e9-11ec-9237-ac1f6b5a6938', 'result': {'status': {'code': 0, 'description': 'POS_ARRAY1 information'}, 'data': {'index': 0, 'name': 'POS_ARRAY1', 'state': 'BUSY', 'situation': 'REBUILDING', 'createDatetime': '2021-12-08 11:14:33 +0530', 'updateDatetime': '2021-12-08 11:14:56 +0530', 'rebuildingProgress': '9', 'capacity': 2821793513472, 'used': 0, 'gcMode': 'none', 'devicelist': [{'type': 'BUFFER', 'name': 'uram0'}, {'type': 'DATA', 'name': 'unvme-ns-3'}, {'type': 'DATA', 'name': 'unvme-ns-1'}, {'type': 'DATA', 'name': 'unvme-ns-2'}]}}, 'info': {'version': 'v0.10.5'}}}, 'command': 'ARRAYINFO', 'status_code': 0, 'description': 'POS_ARRAY1 information', 'data': {'index': 0, 'name': 'POS_ARRAY1', 'state': 'BUSY', 'situation': 'REBUILDING', 'createDatetime': '2021-12-08 11:14:33 +0530', 'updateDatetime': '2021-12-08 11:14:56 +0530', 'rebuildingProgress': '9', 'capacity': 2821793513472, 'used': 0, 'gcMode': 'none', 'devicelist': [{'type': 'BUFFER', 'name': 'uram0'}, {'type': 'DATA', 'name': 'unvme-ns-3'}, {'type': 'DATA', 'name': 'unvme-ns-1'}, {'type': 'DATA', 'name': 'unvme-ns-2'}]}, 'params': {}}
2021-12-08 05:48:12,374 target_utils.py check_rebuild_status 498 INFO  :: verifying if rebuilding progress status is 0
2021-12-08 05:48:14,377 node.py execute 205 DEBUG  :: Executing Command "/root/pos-0.10.5/ibofos/bin/poseidonos-cli array list -a POS_ARRAY1 --json-res" on host 107.111.150.69
2021-12-08 05:48:14,406 node.py execute 227 DEBUG  :: expected_exit_code is 0 and  current exit code is 0
2021-12-08 05:48:14,406 cli.py run_cli_command 104 INFO  :: ['{"Response": {"command":"ARRAYINFO","rid":"fdb532d3-57e9-11ec-8ec6-ac1f6b5a6938","result":{"status":{"code":0,"description":"POS_ARRAY1 information"},"data":{"index":0,"name":"POS_ARRAY1","state":"BUSY","situation":"REBUILDING","createDatetime":"2021-12-08 11:14:33 +0530","updateDatetime":"2021-12-08 11:14:56 +0530","rebuildingProgress":"21","capacity":2821793513472,"used":0,"gcMode":"none","devicelist":[{"type":"BUFFER","name":"uram0"},{"type":"DATA","name":"unvme-ns-3"},{"type":"DATA","name":"unvme-ns-1"},{"type":"DATA","name":"unvme-ns-2"}]}},"info":{"version":"v0.10.5"}} }\r\n']
2021-12-08 05:48:14,406 cli.py run_cli_command 108 INFO  :: command execution completed in  : 0:00:00.029632 secs 
2021-12-08 05:48:14,407 cli.py run_cli_command 112 INFO  :: Raw output of the command list -a POS_ARRAY1 is {"Response": {"command":"ARRAYINFO","rid":"fdb532d3-57e9-11ec-8ec6-ac1f6b5a6938","result":{"status":{"code":0,"description":"POS_ARRAY1 information"},"data":{"index":0,"name":"POS_ARRAY1","state":"BUSY","situation":"REBUILDING","createDatetime":"2021-12-08 11:14:33 +0530","updateDatetime":"2021-12-08 11:14:56 +0530","rebuildingProgress":"21","capacity":2821793513472,"used":0,"gcMode":"none","devicelist":[{"type":"BUFFER","name":"uram0"},{"type":"DATA","name":"unvme-ns-3"},{"type":"DATA","name":"unvme-ns-1"},{"type":"DATA","name":"unvme-ns-2"}]}},"info":{"version":"v0.10.5"}} }

2021-12-08 05:48:14,407 cli.py parse_out 43 INFO  :: status code response from the command ARRAYINFO is 0
2021-12-08 05:48:14,407 cli.py parse_out 47 INFO  :: DESCRIPTION reposonse from command ARRAYINFO is POS_ARRAY1 information
2021-12-08 05:48:14,407 cli.py parse_out 68 INFO  :: {'output': {'Response': {'command': 'ARRAYINFO', 'rid': 'fdb532d3-57e9-11ec-8ec6-ac1f6b5a6938', 'result': {'status': {'code': 0, 'description': 'POS_ARRAY1 information'}, 'data': {'index': 0, 'name': 'POS_ARRAY1', 'state': 'BUSY', 'situation': 'REBUILDING', 'createDatetime': '2021-12-08 11:14:33 +0530', 'updateDatetime': '2021-12-08 11:14:56 +0530', 'rebuildingProgress': '21', 'capacity': 2821793513472, 'used': 0, 'gcMode': 'none', 'devicelist': [{'type': 'BUFFER', 'name': 'uram0'}, {'type': 'DATA', 'name': 'unvme-ns-3'}, {'type': 'DATA', 'name': 'unvme-ns-1'}, {'type': 'DATA', 'name': 'unvme-ns-2'}]}}, 'info': {'version': 'v0.10.5'}}}, 'command': 'ARRAYINFO', 'status_code': 0, 'description': 'POS_ARRAY1 information', 'data': {'index': 0, 'name': 'POS_ARRAY1', 'state': 'BUSY', 'situation': 'REBUILDING', 'createDatetime': '2021-12-08 11:14:33 +0530', 'updateDatetime': '2021-12-08 11:14:56 +0530', 'rebuildingProgress': '21', 'capacity': 2821793513472, 'used': 0, 'gcMode': 'none', 'devicelist': [{'type': 'BUFFER', 'name': 'uram0'}, {'type': 'DATA', 'name': 'unvme-ns-3'}, {'type': 'DATA', 'name': 'unvme-ns-1'}, {'type': 'DATA', 'name': 'unvme-ns-2'}]}, 'params': {}}
2021-12-08 05:48:14,407 target_utils.py check_rebuild_status 498 INFO  :: verifying if rebuilding progress status is 0
2021-12-08 05:48:16,410 node.py execute 205 DEBUG  :: Executing Command "/root/pos-0.10.5/ibofos/bin/poseidonos-cli array list -a POS_ARRAY1 --json-res" on host 107.111.150.69
2021-12-08 05:48:16,456 node.py execute 227 DEBUG  :: expected_exit_code is 0 and  current exit code is 0
2021-12-08 05:48:16,457 cli.py run_cli_command 104 INFO  :: ['{"Response": {"command":"ARRAYINFO","rid":"feeb52bd-57e9-11ec-a3ba-ac1f6b5a6938","result":{"status":{"code":0,"description":"POS_ARRAY1 information"},"data":{"index":0,"name":"POS_ARRAY1","state":"BUSY","situation":"REBUILDING","createDatetime":"2021-12-08 11:14:33 +0530","updateDatetime":"2021-12-08 11:14:56 +0530","rebuildingProgress":"34","capacity":2821793513472,"used":0,"gcMode":"none","devicelist":[{"type":"BUFFER","name":"uram0"},{"type":"DATA","name":"unvme-ns-3"},{"type":"DATA","name":"unvme-ns-1"},{"type":"DATA","name":"unvme-ns-2"}]}},"info":{"version":"v0.10.5"}} }\r\n']
2021-12-08 05:48:16,457 cli.py run_cli_command 108 INFO  :: command execution completed in  : 0:00:00.047038 secs 
2021-12-08 05:48:16,457 cli.py run_cli_command 112 INFO  :: Raw output of the command list -a POS_ARRAY1 is {"Response": {"command":"ARRAYINFO","rid":"feeb52bd-57e9-11ec-a3ba-ac1f6b5a6938","result":{"status":{"code":0,"description":"POS_ARRAY1 information"},"data":{"index":0,"name":"POS_ARRAY1","state":"BUSY","situation":"REBUILDING","createDatetime":"2021-12-08 11:14:33 +0530","updateDatetime":"2021-12-08 11:14:56 +0530","rebuildingProgress":"34","capacity":2821793513472,"used":0,"gcMode":"none","devicelist":[{"type":"BUFFER","name":"uram0"},{"type":"DATA","name":"unvme-ns-3"},{"type":"DATA","name":"unvme-ns-1"},{"type":"DATA","name":"unvme-ns-2"}]}},"info":{"version":"v0.10.5"}} }

2021-12-08 05:48:16,457 cli.py parse_out 43 INFO  :: status code response from the command ARRAYINFO is 0
2021-12-08 05:48:16,458 cli.py parse_out 47 INFO  :: DESCRIPTION reposonse from command ARRAYINFO is POS_ARRAY1 information
2021-12-08 05:48:16,458 cli.py parse_out 68 INFO  :: {'output': {'Response': {'command': 'ARRAYINFO', 'rid': 'feeb52bd-57e9-11ec-a3ba-ac1f6b5a6938', 'result': {'status': {'code': 0, 'description': 'POS_ARRAY1 information'}, 'data': {'index': 0, 'name': 'POS_ARRAY1', 'state': 'BUSY', 'situation': 'REBUILDING', 'createDatetime': '2021-12-08 11:14:33 +0530', 'updateDatetime': '2021-12-08 11:14:56 +0530', 'rebuildingProgress': '34', 'capacity': 2821793513472, 'used': 0, 'gcMode': 'none', 'devicelist': [{'type': 'BUFFER', 'name': 'uram0'}, {'type': 'DATA', 'name': 'unvme-ns-3'}, {'type': 'DATA', 'name': 'unvme-ns-1'}, {'type': 'DATA', 'name': 'unvme-ns-2'}]}}, 'info': {'version': 'v0.10.5'}}}, 'command': 'ARRAYINFO', 'status_code': 0, 'description': 'POS_ARRAY1 information', 'data': {'index': 0, 'name': 'POS_ARRAY1', 'state': 'BUSY', 'situation': 'REBUILDING', 'createDatetime': '2021-12-08 11:14:33 +0530', 'updateDatetime': '2021-12-08 11:14:56 +0530', 'rebuildingProgress': '34', 'capacity': 2821793513472, 'used': 0, 'gcMode': 'none', 'devicelist': [{'type': 'BUFFER', 'name': 'uram0'}, {'type': 'DATA', 'name': 'unvme-ns-3'}, {'type': 'DATA', 'name': 'unvme-ns-1'}, {'type': 'DATA', 'name': 'unvme-ns-2'}]}, 'params': {}}
2021-12-08 05:48:16,458 target_utils.py check_rebuild_status 498 INFO  :: verifying if rebuilding progress status is 0
2021-12-08 05:48:18,461 node.py execute 205 DEBUG  :: Executing Command "/root/pos-0.10.5/ibofos/bin/poseidonos-cli array list -a POS_ARRAY1 --json-res" on host 107.111.150.69
2021-12-08 05:48:18,495 node.py execute 227 DEBUG  :: expected_exit_code is 0 and  current exit code is 0
2021-12-08 05:48:18,495 cli.py run_cli_command 104 INFO  :: ['{"Response": {"command":"ARRAYINFO","rid":"00247dbf-57ea-11ec-bdb3-ac1f6b5a6938","result":{"status":{"code":0,"description":"POS_ARRAY1 information"},"data":{"index":0,"name":"POS_ARRAY1","state":"BUSY","situation":"REBUILDING","createDatetime":"2021-12-08 11:14:33 +0530","updateDatetime":"2021-12-08 11:14:56 +0530","rebuildingProgress":"47","capacity":2821793513472,"used":0,"gcMode":"none","devicelist":[{"type":"BUFFER","name":"uram0"},{"type":"DATA","name":"unvme-ns-3"},{"type":"DATA","name":"unvme-ns-1"},{"type":"DATA","name":"unvme-ns-2"}]}},"info":{"version":"v0.10.5"}} }\r\n']
2021-12-08 05:48:18,495 cli.py run_cli_command 108 INFO  :: command execution completed in  : 0:00:00.034879 secs 
2021-12-08 05:48:18,496 cli.py run_cli_command 112 INFO  :: Raw output of the command list -a POS_ARRAY1 is {"Response": {"command":"ARRAYINFO","rid":"00247dbf-57ea-11ec-bdb3-ac1f6b5a6938","result":{"status":{"code":0,"description":"POS_ARRAY1 information"},"data":{"index":0,"name":"POS_ARRAY1","state":"BUSY","situation":"REBUILDING","createDatetime":"2021-12-08 11:14:33 +0530","updateDatetime":"2021-12-08 11:14:56 +0530","rebuildingProgress":"47","capacity":2821793513472,"used":0,"gcMode":"none","devicelist":[{"type":"BUFFER","name":"uram0"},{"type":"DATA","name":"unvme-ns-3"},{"type":"DATA","name":"unvme-ns-1"},{"type":"DATA","name":"unvme-ns-2"}]}},"info":{"version":"v0.10.5"}} }

2021-12-08 05:48:18,496 cli.py parse_out 43 INFO  :: status code response from the command ARRAYINFO is 0
2021-12-08 05:48:18,496 cli.py parse_out 47 INFO  :: DESCRIPTION reposonse from command ARRAYINFO is POS_ARRAY1 information
2021-12-08 05:48:18,496 cli.py parse_out 68 INFO  :: {'output': {'Response': {'command': 'ARRAYINFO', 'rid': '00247dbf-57ea-11ec-bdb3-ac1f6b5a6938', 'result': {'status': {'code': 0, 'description': 'POS_ARRAY1 information'}, 'data': {'index': 0, 'name': 'POS_ARRAY1', 'state': 'BUSY', 'situation': 'REBUILDING', 'createDatetime': '2021-12-08 11:14:33 +0530', 'updateDatetime': '2021-12-08 11:14:56 +0530', 'rebuildingProgress': '47', 'capacity': 2821793513472, 'used': 0, 'gcMode': 'none', 'devicelist': [{'type': 'BUFFER', 'name': 'uram0'}, {'type': 'DATA', 'name': 'unvme-ns-3'}, {'type': 'DATA', 'name': 'unvme-ns-1'}, {'type': 'DATA', 'name': 'unvme-ns-2'}]}}, 'info': {'version': 'v0.10.5'}}}, 'command': 'ARRAYINFO', 'status_code': 0, 'description': 'POS_ARRAY1 information', 'data': {'index': 0, 'name': 'POS_ARRAY1', 'state': 'BUSY', 'situation': 'REBUILDING', 'createDatetime': '2021-12-08 11:14:33 +0530', 'updateDatetime': '2021-12-08 11:14:56 +0530', 'rebuildingProgress': '47', 'capacity': 2821793513472, 'used': 0, 'gcMode': 'none', 'devicelist': [{'type': 'BUFFER', 'name': 'uram0'}, {'type': 'DATA', 'name': 'unvme-ns-3'}, {'type': 'DATA', 'name': 'unvme-ns-1'}, {'type': 'DATA', 'name': 'unvme-ns-2'}]}, 'params': {}}
2021-12-08 05:48:18,497 target_utils.py check_rebuild_status 498 INFO  :: verifying if rebuilding progress status is 0
2021-12-08 05:48:20,499 node.py execute 205 DEBUG  :: Executing Command "/root/pos-0.10.5/ibofos/bin/poseidonos-cli array list -a POS_ARRAY1 --json-res" on host 107.111.150.69
2021-12-08 05:48:20,539 node.py execute 227 DEBUG  :: expected_exit_code is 0 and  current exit code is 0
2021-12-08 05:48:20,539 cli.py run_cli_command 104 INFO  :: ['{"Response": {"command":"ARRAYINFO","rid":"015b30ba-57ea-11ec-aa34-ac1f6b5a6938","result":{"status":{"code":0,"description":"POS_ARRAY1 information"},"data":{"index":0,"name":"POS_ARRAY1","state":"BUSY","situation":"REBUILDING","createDatetime":"2021-12-08 11:14:33 +0530","updateDatetime":"2021-12-08 11:14:56 +0530","rebuildingProgress":"60","capacity":2821793513472,"used":0,"gcMode":"none","devicelist":[{"type":"BUFFER","name":"uram0"},{"type":"DATA","name":"unvme-ns-3"},{"type":"DATA","name":"unvme-ns-1"},{"type":"DATA","name":"unvme-ns-2"}]}},"info":{"version":"v0.10.5"}} }\r\n']
2021-12-08 05:48:20,539 cli.py run_cli_command 108 INFO  :: command execution completed in  : 0:00:00.040318 secs 
2021-12-08 05:48:20,539 cli.py run_cli_command 112 INFO  :: Raw output of the command list -a POS_ARRAY1 is {"Response": {"command":"ARRAYINFO","rid":"015b30ba-57ea-11ec-aa34-ac1f6b5a6938","result":{"status":{"code":0,"description":"POS_ARRAY1 information"},"data":{"index":0,"name":"POS_ARRAY1","state":"BUSY","situation":"REBUILDING","createDatetime":"2021-12-08 11:14:33 +0530","updateDatetime":"2021-12-08 11:14:56 +0530","rebuildingProgress":"60","capacity":2821793513472,"used":0,"gcMode":"none","devicelist":[{"type":"BUFFER","name":"uram0"},{"type":"DATA","name":"unvme-ns-3"},{"type":"DATA","name":"unvme-ns-1"},{"type":"DATA","name":"unvme-ns-2"}]}},"info":{"version":"v0.10.5"}} }

2021-12-08 05:48:20,540 cli.py parse_out 43 INFO  :: status code response from the command ARRAYINFO is 0
2021-12-08 05:48:20,540 cli.py parse_out 47 INFO  :: DESCRIPTION reposonse from command ARRAYINFO is POS_ARRAY1 information
2021-12-08 05:48:20,540 cli.py parse_out 68 INFO  :: {'output': {'Response': {'command': 'ARRAYINFO', 'rid': '015b30ba-57ea-11ec-aa34-ac1f6b5a6938', 'result': {'status': {'code': 0, 'description': 'POS_ARRAY1 information'}, 'data': {'index': 0, 'name': 'POS_ARRAY1', 'state': 'BUSY', 'situation': 'REBUILDING', 'createDatetime': '2021-12-08 11:14:33 +0530', 'updateDatetime': '2021-12-08 11:14:56 +0530', 'rebuildingProgress': '60', 'capacity': 2821793513472, 'used': 0, 'gcMode': 'none', 'devicelist': [{'type': 'BUFFER', 'name': 'uram0'}, {'type': 'DATA', 'name': 'unvme-ns-3'}, {'type': 'DATA', 'name': 'unvme-ns-1'}, {'type': 'DATA', 'name': 'unvme-ns-2'}]}}, 'info': {'version': 'v0.10.5'}}}, 'command': 'ARRAYINFO', 'status_code': 0, 'description': 'POS_ARRAY1 information', 'data': {'index': 0, 'name': 'POS_ARRAY1', 'state': 'BUSY', 'situation': 'REBUILDING', 'createDatetime': '2021-12-08 11:14:33 +0530', 'updateDatetime': '2021-12-08 11:14:56 +0530', 'rebuildingProgress': '60', 'capacity': 2821793513472, 'used': 0, 'gcMode': 'none', 'devicelist': [{'type': 'BUFFER', 'name': 'uram0'}, {'type': 'DATA', 'name': 'unvme-ns-3'}, {'type': 'DATA', 'name': 'unvme-ns-1'}, {'type': 'DATA', 'name': 'unvme-ns-2'}]}, 'params': {}}
2021-12-08 05:48:20,540 target_utils.py check_rebuild_status 498 INFO  :: verifying if rebuilding progress status is 0
2021-12-08 05:48:22,543 node.py execute 205 DEBUG  :: Executing Command "/root/pos-0.10.5/ibofos/bin/poseidonos-cli array list -a POS_ARRAY1 --json-res" on host 107.111.150.69
2021-12-08 05:48:22,586 node.py execute 227 DEBUG  :: expected_exit_code is 0 and  current exit code is 0
2021-12-08 05:48:22,586 cli.py run_cli_command 104 INFO  :: ['{"Response": {"command":"ARRAYINFO","rid":"02931211-57ea-11ec-9c39-ac1f6b5a6938","result":{"status":{"code":0,"description":"POS_ARRAY1 information"},"data":{"index":0,"name":"POS_ARRAY1","state":"BUSY","situation":"REBUILDING","createDatetime":"2021-12-08 11:14:33 +0530","updateDatetime":"2021-12-08 11:14:56 +0530","rebuildingProgress":"72","capacity":2821793513472,"used":0,"gcMode":"none","devicelist":[{"type":"BUFFER","name":"uram0"},{"type":"DATA","name":"unvme-ns-3"},{"type":"DATA","name":"unvme-ns-1"},{"type":"DATA","name":"unvme-ns-2"}]}},"info":{"version":"v0.10.5"}} }\r\n']
2021-12-08 05:48:22,587 cli.py run_cli_command 108 INFO  :: command execution completed in  : 0:00:00.043980 secs 
2021-12-08 05:48:22,587 cli.py run_cli_command 112 INFO  :: Raw output of the command list -a POS_ARRAY1 is {"Response": {"command":"ARRAYINFO","rid":"02931211-57ea-11ec-9c39-ac1f6b5a6938","result":{"status":{"code":0,"description":"POS_ARRAY1 information"},"data":{"index":0,"name":"POS_ARRAY1","state":"BUSY","situation":"REBUILDING","createDatetime":"2021-12-08 11:14:33 +0530","updateDatetime":"2021-12-08 11:14:56 +0530","rebuildingProgress":"72","capacity":2821793513472,"used":0,"gcMode":"none","devicelist":[{"type":"BUFFER","name":"uram0"},{"type":"DATA","name":"unvme-ns-3"},{"type":"DATA","name":"unvme-ns-1"},{"type":"DATA","name":"unvme-ns-2"}]}},"info":{"version":"v0.10.5"}} }

2021-12-08 05:48:22,587 cli.py parse_out 43 INFO  :: status code response from the command ARRAYINFO is 0
2021-12-08 05:48:22,587 cli.py parse_out 47 INFO  :: DESCRIPTION reposonse from command ARRAYINFO is POS_ARRAY1 information
2021-12-08 05:48:22,587 cli.py parse_out 68 INFO  :: {'output': {'Response': {'command': 'ARRAYINFO', 'rid': '02931211-57ea-11ec-9c39-ac1f6b5a6938', 'result': {'status': {'code': 0, 'description': 'POS_ARRAY1 information'}, 'data': {'index': 0, 'name': 'POS_ARRAY1', 'state': 'BUSY', 'situation': 'REBUILDING', 'createDatetime': '2021-12-08 11:14:33 +0530', 'updateDatetime': '2021-12-08 11:14:56 +0530', 'rebuildingProgress': '72', 'capacity': 2821793513472, 'used': 0, 'gcMode': 'none', 'devicelist': [{'type': 'BUFFER', 'name': 'uram0'}, {'type': 'DATA', 'name': 'unvme-ns-3'}, {'type': 'DATA', 'name': 'unvme-ns-1'}, {'type': 'DATA', 'name': 'unvme-ns-2'}]}}, 'info': {'version': 'v0.10.5'}}}, 'command': 'ARRAYINFO', 'status_code': 0, 'description': 'POS_ARRAY1 information', 'data': {'index': 0, 'name': 'POS_ARRAY1', 'state': 'BUSY', 'situation': 'REBUILDING', 'createDatetime': '2021-12-08 11:14:33 +0530', 'updateDatetime': '2021-12-08 11:14:56 +0530', 'rebuildingProgress': '72', 'capacity': 2821793513472, 'used': 0, 'gcMode': 'none', 'devicelist': [{'type': 'BUFFER', 'name': 'uram0'}, {'type': 'DATA', 'name': 'unvme-ns-3'}, {'type': 'DATA', 'name': 'unvme-ns-1'}, {'type': 'DATA', 'name': 'unvme-ns-2'}]}, 'params': {}}
2021-12-08 05:48:22,588 target_utils.py check_rebuild_status 498 INFO  :: verifying if rebuilding progress status is 0
2021-12-08 05:48:24,590 node.py execute 205 DEBUG  :: Executing Command "/root/pos-0.10.5/ibofos/bin/poseidonos-cli array list -a POS_ARRAY1 --json-res" on host 107.111.150.69
2021-12-08 05:48:24,624 node.py execute 227 DEBUG  :: expected_exit_code is 0 and  current exit code is 0
2021-12-08 05:48:24,625 cli.py run_cli_command 104 INFO  :: ['{"Response": {"command":"ARRAYINFO","rid":"03cb9216-57ea-11ec-af1d-ac1f6b5a6938","result":{"status":{"code":0,"description":"POS_ARRAY1 information"},"data":{"index":0,"name":"POS_ARRAY1","state":"BUSY","situation":"REBUILDING","createDatetime":"2021-12-08 11:14:33 +0530","updateDatetime":"2021-12-08 11:14:56 +0530","rebuildingProgress":"85","capacity":2821793513472,"used":0,"gcMode":"none","devicelist":[{"type":"BUFFER","name":"uram0"},{"type":"DATA","name":"unvme-ns-3"},{"type":"DATA","name":"unvme-ns-1"},{"type":"DATA","name":"unvme-ns-2"}]}},"info":{"version":"v0.10.5"}} }\r\n']
2021-12-08 05:48:24,625 cli.py run_cli_command 108 INFO  :: command execution completed in  : 0:00:00.034974 secs 
2021-12-08 05:48:24,625 cli.py run_cli_command 112 INFO  :: Raw output of the command list -a POS_ARRAY1 is {"Response": {"command":"ARRAYINFO","rid":"03cb9216-57ea-11ec-af1d-ac1f6b5a6938","result":{"status":{"code":0,"description":"POS_ARRAY1 information"},"data":{"index":0,"name":"POS_ARRAY1","state":"BUSY","situation":"REBUILDING","createDatetime":"2021-12-08 11:14:33 +0530","updateDatetime":"2021-12-08 11:14:56 +0530","rebuildingProgress":"85","capacity":2821793513472,"used":0,"gcMode":"none","devicelist":[{"type":"BUFFER","name":"uram0"},{"type":"DATA","name":"unvme-ns-3"},{"type":"DATA","name":"unvme-ns-1"},{"type":"DATA","name":"unvme-ns-2"}]}},"info":{"version":"v0.10.5"}} }

2021-12-08 05:48:24,626 cli.py parse_out 43 INFO  :: status code response from the command ARRAYINFO is 0
2021-12-08 05:48:24,626 cli.py parse_out 47 INFO  :: DESCRIPTION reposonse from command ARRAYINFO is POS_ARRAY1 information
2021-12-08 05:48:24,626 cli.py parse_out 68 INFO  :: {'output': {'Response': {'command': 'ARRAYINFO', 'rid': '03cb9216-57ea-11ec-af1d-ac1f6b5a6938', 'result': {'status': {'code': 0, 'description': 'POS_ARRAY1 information'}, 'data': {'index': 0, 'name': 'POS_ARRAY1', 'state': 'BUSY', 'situation': 'REBUILDING', 'createDatetime': '2021-12-08 11:14:33 +0530', 'updateDatetime': '2021-12-08 11:14:56 +0530', 'rebuildingProgress': '85', 'capacity': 2821793513472, 'used': 0, 'gcMode': 'none', 'devicelist': [{'type': 'BUFFER', 'name': 'uram0'}, {'type': 'DATA', 'name': 'unvme-ns-3'}, {'type': 'DATA', 'name': 'unvme-ns-1'}, {'type': 'DATA', 'name': 'unvme-ns-2'}]}}, 'info': {'version': 'v0.10.5'}}}, 'command': 'ARRAYINFO', 'status_code': 0, 'description': 'POS_ARRAY1 information', 'data': {'index': 0, 'name': 'POS_ARRAY1', 'state': 'BUSY', 'situation': 'REBUILDING', 'createDatetime': '2021-12-08 11:14:33 +0530', 'updateDatetime': '2021-12-08 11:14:56 +0530', 'rebuildingProgress': '85', 'capacity': 2821793513472, 'used': 0, 'gcMode': 'none', 'devicelist': [{'type': 'BUFFER', 'name': 'uram0'}, {'type': 'DATA', 'name': 'unvme-ns-3'}, {'type': 'DATA', 'name': 'unvme-ns-1'}, {'type': 'DATA', 'name': 'unvme-ns-2'}]}, 'params': {}}
2021-12-08 05:48:24,626 target_utils.py check_rebuild_status 498 INFO  :: verifying if rebuilding progress status is 0
2021-12-08 05:48:26,629 node.py execute 205 DEBUG  :: Executing Command "/root/pos-0.10.5/ibofos/bin/poseidonos-cli array list -a POS_ARRAY1 --json-res" on host 107.111.150.69
2021-12-08 05:48:26,657 node.py execute 227 DEBUG  :: expected_exit_code is 0 and  current exit code is 0
2021-12-08 05:48:26,658 cli.py run_cli_command 104 INFO  :: ['{"Response": {"command":"ARRAYINFO","rid":"0502beb6-57ea-11ec-bbfd-ac1f6b5a6938","result":{"status":{"code":0,"description":"POS_ARRAY1 information"},"data":{"index":0,"name":"POS_ARRAY1","state":"BUSY","situation":"REBUILDING","createDatetime":"2021-12-08 11:14:33 +0530","updateDatetime":"2021-12-08 11:14:56 +0530","rebuildingProgress":"98","capacity":2821793513472,"used":0,"gcMode":"none","devicelist":[{"type":"BUFFER","name":"uram0"},{"type":"DATA","name":"unvme-ns-3"},{"type":"DATA","name":"unvme-ns-1"},{"type":"DATA","name":"unvme-ns-2"}]}},"info":{"version":"v0.10.5"}} }\r\n']
2021-12-08 05:48:26,658 cli.py run_cli_command 108 INFO  :: command execution completed in  : 0:00:00.029360 secs 
2021-12-08 05:48:26,658 cli.py run_cli_command 112 INFO  :: Raw output of the command list -a POS_ARRAY1 is {"Response": {"command":"ARRAYINFO","rid":"0502beb6-57ea-11ec-bbfd-ac1f6b5a6938","result":{"status":{"code":0,"description":"POS_ARRAY1 information"},"data":{"index":0,"name":"POS_ARRAY1","state":"BUSY","situation":"REBUILDING","createDatetime":"2021-12-08 11:14:33 +0530","updateDatetime":"2021-12-08 11:14:56 +0530","rebuildingProgress":"98","capacity":2821793513472,"used":0,"gcMode":"none","devicelist":[{"type":"BUFFER","name":"uram0"},{"type":"DATA","name":"unvme-ns-3"},{"type":"DATA","name":"unvme-ns-1"},{"type":"DATA","name":"unvme-ns-2"}]}},"info":{"version":"v0.10.5"}} }

2021-12-08 05:48:26,659 cli.py parse_out 43 INFO  :: status code response from the command ARRAYINFO is 0
2021-12-08 05:48:26,659 cli.py parse_out 47 INFO  :: DESCRIPTION reposonse from command ARRAYINFO is POS_ARRAY1 information
2021-12-08 05:48:26,659 cli.py parse_out 68 INFO  :: {'output': {'Response': {'command': 'ARRAYINFO', 'rid': '0502beb6-57ea-11ec-bbfd-ac1f6b5a6938', 'result': {'status': {'code': 0, 'description': 'POS_ARRAY1 information'}, 'data': {'index': 0, 'name': 'POS_ARRAY1', 'state': 'BUSY', 'situation': 'REBUILDING', 'createDatetime': '2021-12-08 11:14:33 +0530', 'updateDatetime': '2021-12-08 11:14:56 +0530', 'rebuildingProgress': '98', 'capacity': 2821793513472, 'used': 0, 'gcMode': 'none', 'devicelist': [{'type': 'BUFFER', 'name': 'uram0'}, {'type': 'DATA', 'name': 'unvme-ns-3'}, {'type': 'DATA', 'name': 'unvme-ns-1'}, {'type': 'DATA', 'name': 'unvme-ns-2'}]}}, 'info': {'version': 'v0.10.5'}}}, 'command': 'ARRAYINFO', 'status_code': 0, 'description': 'POS_ARRAY1 information', 'data': {'index': 0, 'name': 'POS_ARRAY1', 'state': 'BUSY', 'situation': 'REBUILDING', 'createDatetime': '2021-12-08 11:14:33 +0530', 'updateDatetime': '2021-12-08 11:14:56 +0530', 'rebuildingProgress': '98', 'capacity': 2821793513472, 'used': 0, 'gcMode': 'none', 'devicelist': [{'type': 'BUFFER', 'name': 'uram0'}, {'type': 'DATA', 'name': 'unvme-ns-3'}, {'type': 'DATA', 'name': 'unvme-ns-1'}, {'type': 'DATA', 'name': 'unvme-ns-2'}]}, 'params': {}}
2021-12-08 05:48:26,659 target_utils.py check_rebuild_status 498 INFO  :: verifying if rebuilding progress status is 0
2021-12-08 05:48:28,662 node.py execute 205 DEBUG  :: Executing Command "/root/pos-0.10.5/ibofos/bin/poseidonos-cli array list -a POS_ARRAY1 --json-res" on host 107.111.150.69
2021-12-08 05:48:28,689 node.py execute 227 DEBUG  :: expected_exit_code is 0 and  current exit code is 0
2021-12-08 05:48:28,690 cli.py run_cli_command 104 INFO  :: ['{"Response": {"command":"ARRAYINFO","rid":"0638d3c6-57ea-11ec-9f1d-ac1f6b5a6938","result":{"status":{"code":0,"description":"POS_ARRAY1 information"},"data":{"index":0,"name":"POS_ARRAY1","state":"NORMAL","situation":"NORMAL","createDatetime":"2021-12-08 11:14:33 +0530","updateDatetime":"2021-12-08 11:15:16 +0530","rebuildingProgress":"0","capacity":2821793513472,"used":0,"gcMode":"none","devicelist":[{"type":"BUFFER","name":"uram0"},{"type":"DATA","name":"unvme-ns-3"},{"type":"DATA","name":"unvme-ns-1"},{"type":"DATA","name":"unvme-ns-2"}]}},"info":{"version":"v0.10.5"}} }\r\n']
2021-12-08 05:48:28,690 cli.py run_cli_command 108 INFO  :: command execution completed in  : 0:00:00.028719 secs 
2021-12-08 05:48:28,690 cli.py run_cli_command 112 INFO  :: Raw output of the command list -a POS_ARRAY1 is {"Response": {"command":"ARRAYINFO","rid":"0638d3c6-57ea-11ec-9f1d-ac1f6b5a6938","result":{"status":{"code":0,"description":"POS_ARRAY1 information"},"data":{"index":0,"name":"POS_ARRAY1","state":"NORMAL","situation":"NORMAL","createDatetime":"2021-12-08 11:14:33 +0530","updateDatetime":"2021-12-08 11:15:16 +0530","rebuildingProgress":"0","capacity":2821793513472,"used":0,"gcMode":"none","devicelist":[{"type":"BUFFER","name":"uram0"},{"type":"DATA","name":"unvme-ns-3"},{"type":"DATA","name":"unvme-ns-1"},{"type":"DATA","name":"unvme-ns-2"}]}},"info":{"version":"v0.10.5"}} }

2021-12-08 05:48:28,691 cli.py parse_out 43 INFO  :: status code response from the command ARRAYINFO is 0
2021-12-08 05:48:28,691 cli.py parse_out 47 INFO  :: DESCRIPTION reposonse from command ARRAYINFO is POS_ARRAY1 information
2021-12-08 05:48:28,691 cli.py parse_out 68 INFO  :: {'output': {'Response': {'command': 'ARRAYINFO', 'rid': '0638d3c6-57ea-11ec-9f1d-ac1f6b5a6938', 'result': {'status': {'code': 0, 'description': 'POS_ARRAY1 information'}, 'data': {'index': 0, 'name': 'POS_ARRAY1', 'state': 'NORMAL', 'situation': 'NORMAL', 'createDatetime': '2021-12-08 11:14:33 +0530', 'updateDatetime': '2021-12-08 11:15:16 +0530', 'rebuildingProgress': '0', 'capacity': 2821793513472, 'used': 0, 'gcMode': 'none', 'devicelist': [{'type': 'BUFFER', 'name': 'uram0'}, {'type': 'DATA', 'name': 'unvme-ns-3'}, {'type': 'DATA', 'name': 'unvme-ns-1'}, {'type': 'DATA', 'name': 'unvme-ns-2'}]}}, 'info': {'version': 'v0.10.5'}}}, 'command': 'ARRAYINFO', 'status_code': 0, 'description': 'POS_ARRAY1 information', 'data': {'index': 0, 'name': 'POS_ARRAY1', 'state': 'NORMAL', 'situation': 'NORMAL', 'createDatetime': '2021-12-08 11:14:33 +0530', 'updateDatetime': '2021-12-08 11:15:16 +0530', 'rebuildingProgress': '0', 'capacity': 2821793513472, 'used': 0, 'gcMode': 'none', 'devicelist': [{'type': 'BUFFER', 'name': 'uram0'}, {'type': 'DATA', 'name': 'unvme-ns-3'}, {'type': 'DATA', 'name': 'unvme-ns-1'}, {'type': 'DATA', 'name': 'unvme-ns-2'}]}, 'params': {}}
2021-12-08 05:48:28,691 target_utils.py check_rebuild_status 494 INFO  :: rebuild status is updated in array info command
2021-12-08 05:48:28,691 node.py execute 205 DEBUG  :: Executing Command "/root/pos-0.10.5/ibofos/bin/poseidonos-cli array unmount -a POS_ARRAY1 --force --json-res" on host 107.111.150.69
2021-12-08 05:48:35,123 node.py execute 227 DEBUG  :: expected_exit_code is 0 and  current exit code is 0
2021-12-08 05:48:35,123 cli.py run_cli_command 104 INFO  :: ['{"Response": {"command":"UNMOUNTARRAY","rid":"0644340f-57ea-11ec-8e33-ac1f6b5a6938","result":{"status":{"code":0,"description":"Array is unmounted successfully"}},"info":{"version":"v0.10.5"}} }\r\n']
2021-12-08 05:48:35,124 cli.py run_cli_command 108 INFO  :: command execution completed in  : 0:00:06.432405 secs 
2021-12-08 05:48:35,124 cli.py run_cli_command 112 INFO  :: Raw output of the command unmount -a POS_ARRAY1 --force is {"Response": {"command":"UNMOUNTARRAY","rid":"0644340f-57ea-11ec-8e33-ac1f6b5a6938","result":{"status":{"code":0,"description":"Array is unmounted successfully"}},"info":{"version":"v0.10.5"}} }

2021-12-08 05:48:35,124 cli.py parse_out 43 INFO  :: status code response from the command UNMOUNTARRAY is 0
2021-12-08 05:48:35,125 cli.py parse_out 47 INFO  :: DESCRIPTION reposonse from command UNMOUNTARRAY is Array is unmounted successfully
2021-12-08 05:48:35,125 cli.py parse_out 68 INFO  :: {'output': {'Response': {'command': 'UNMOUNTARRAY', 'rid': '0644340f-57ea-11ec-8e33-ac1f6b5a6938', 'result': {'status': {'code': 0, 'description': 'Array is unmounted successfully'}}, 'info': {'version': 'v0.10.5'}}}, 'command': 'UNMOUNTARRAY', 'status_code': 0, 'description': 'Array is unmounted successfully', 'params': {}, 'data': {}}
2021-12-08 05:48:35,125 node.py execute 205 DEBUG  :: Executing Command "/root/pos-0.10.5/ibofos/bin/poseidonos-cli array delete -a POS_ARRAY1 --force --json-res" on host 107.111.150.69
2021-12-08 05:48:40,151 node.py execute 227 DEBUG  :: expected_exit_code is 0 and  current exit code is 0
2021-12-08 05:48:40,154 cli.py run_cli_command 104 INFO  :: ['{"Response": {"command":"DELETEARRAY","rid":"0a127a6f-57ea-11ec-8c90-ac1f6b5a6938","result":{"status":{"code":0,"description":"POS_ARRAY1 is deleted successfully"}},"info":{"version":"v0.10.5"}} }\r\n']
2021-12-08 05:48:40,154 cli.py run_cli_command 108 INFO  :: command execution completed in  : 0:00:05.029340 secs 
2021-12-08 05:48:40,155 cli.py run_cli_command 112 INFO  :: Raw output of the command delete -a POS_ARRAY1 --force is {"Response": {"command":"DELETEARRAY","rid":"0a127a6f-57ea-11ec-8c90-ac1f6b5a6938","result":{"status":{"code":0,"description":"POS_ARRAY1 is deleted successfully"}},"info":{"version":"v0.10.5"}} }

2021-12-08 05:48:40,155 cli.py parse_out 43 INFO  :: status code response from the command DELETEARRAY is 0
2021-12-08 05:48:40,155 cli.py parse_out 47 INFO  :: DESCRIPTION reposonse from command DELETEARRAY is POS_ARRAY1 is deleted successfully
2021-12-08 05:48:40,155 cli.py parse_out 68 INFO  :: {'output': {'Response': {'command': 'DELETEARRAY', 'rid': '0a127a6f-57ea-11ec-8c90-ac1f6b5a6938', 'result': {'status': {'code': 0, 'description': 'POS_ARRAY1 is deleted successfully'}}, 'info': {'version': 'v0.10.5'}}}, 'command': 'DELETEARRAY', 'status_code': 0, 'description': 'POS_ARRAY1 is deleted successfully', 'params': {}, 'data': {}}
2021-12-08 05:48:40,156 node.py execute 205 DEBUG  :: Executing Command "/root/pos-0.10.5/ibofos/bin/poseidonos-cli devel resetmbr --json-res" on host 107.111.150.69
2021-12-08 05:48:40,228 node.py execute 227 DEBUG  :: expected_exit_code is 0 and  current exit code is 0
2021-12-08 05:48:40,228 cli.py run_cli_command 104 INFO  :: ['{"Response": {"command":"RESETMBR","rid":"0d18e896-57ea-11ec-a485-ac1f6b5a6938","result":{"status":{"code":0,"description":"Reset mbr done"},"data":{}},"info":{"version":"v0.10.5"}} }\r\n']
2021-12-08 05:48:40,229 cli.py run_cli_command 108 INFO  :: command execution completed in  : 0:00:00.073128 secs 
2021-12-08 05:48:40,229 cli.py run_cli_command 112 INFO  :: Raw output of the command resetmbr is {"Response": {"command":"RESETMBR","rid":"0d18e896-57ea-11ec-a485-ac1f6b5a6938","result":{"status":{"code":0,"description":"Reset mbr done"},"data":{}},"info":{"version":"v0.10.5"}} }

2021-12-08 05:48:40,229 cli.py parse_out 43 INFO  :: status code response from the command RESETMBR is 0
2021-12-08 05:48:40,229 cli.py parse_out 47 INFO  :: DESCRIPTION reposonse from command RESETMBR is Reset mbr done
2021-12-08 05:48:40,230 cli.py parse_out 68 INFO  :: {'output': {'Response': {'command': 'RESETMBR', 'rid': '0d18e896-57ea-11ec-a485-ac1f6b5a6938', 'result': {'status': {'code': 0, 'description': 'Reset mbr done'}, 'data': {}}, 'info': {'version': 'v0.10.5'}}}, 'command': 'RESETMBR', 'status_code': 0, 'description': 'Reset mbr done', 'data': {}, 'params': {}}
2021-12-08 05:48:40,233 conftest.py pytest_runtest_logreport 71 INFO  :: ======================== Test Status : PASS ========================
2021-12-08 05:48:40,235 conftest.py pytest_runtest_protocol 38 INFO  :: End Time : 12/08/2021, 05:48:40
2021-12-08 05:48:40,235 conftest.py pytest_runtest_protocol 43 INFO  :: Execution Time : 0 minutes 33 seconds
2021-12-08 05:48:40,235 conftest.py pytest_runtest_protocol 47 INFO  :: ======================== END OF test_array_rebuild ========================
2021-12-08 05:48:40,236 conftest.py pytest_runtest_protocol 32 INFO  :: ======================== START OF test_create_array_2_data_disks ========================
2021-12-08 05:48:40,236 conftest.py pytest_runtest_protocol 35 INFO  :: Start Time : 12/08/2021, 05:48:40
2021-12-08 05:48:40,238 node.py execute 205 DEBUG  :: Executing Command "/root/pos-0.10.5/ibofos/bin/poseidonos-cli devel resetmbr --json-res" on host 107.111.150.69
2021-12-08 05:48:40,264 node.py execute 227 DEBUG  :: expected_exit_code is 0 and  current exit code is 0
2021-12-08 05:48:40,264 cli.py run_cli_command 104 INFO  :: ['{"Response": {"command":"RESETMBR","rid":"0d1e8920-57ea-11ec-9eb0-ac1f6b5a6938","result":{"status":{"code":0,"description":"Reset mbr done"},"data":{}},"info":{"version":"v0.10.5"}} }\r\n']
2021-12-08 05:48:40,264 cli.py run_cli_command 108 INFO  :: command execution completed in  : 0:00:00.025826 secs 
2021-12-08 05:48:40,264 cli.py run_cli_command 112 INFO  :: Raw output of the command resetmbr is {"Response": {"command":"RESETMBR","rid":"0d1e8920-57ea-11ec-9eb0-ac1f6b5a6938","result":{"status":{"code":0,"description":"Reset mbr done"},"data":{}},"info":{"version":"v0.10.5"}} }

2021-12-08 05:48:40,265 cli.py parse_out 43 INFO  :: status code response from the command RESETMBR is 0
2021-12-08 05:48:40,265 cli.py parse_out 47 INFO  :: DESCRIPTION reposonse from command RESETMBR is Reset mbr done
2021-12-08 05:48:40,265 cli.py parse_out 68 INFO  :: {'output': {'Response': {'command': 'RESETMBR', 'rid': '0d1e8920-57ea-11ec-9eb0-ac1f6b5a6938', 'result': {'status': {'code': 0, 'description': 'Reset mbr done'}, 'data': {}}, 'info': {'version': 'v0.10.5'}}}, 'command': 'RESETMBR', 'status_code': 0, 'description': 'Reset mbr done', 'data': {}, 'params': {}}
2021-12-08 05:48:40,265 node.py execute 205 DEBUG  :: Executing Command "/root/pos-0.10.5/ibofos/bin/poseidonos-cli array create -b uram0 -d unvme-ns-0,unvme-ns-1 -s unvme-ns-3 -a POS_ARRAY1 --raid RAID5 --json-res" on host 107.111.150.69
2021-12-08 05:48:40,335 node.py execute 227 DEBUG  :: expected_exit_code is 0 and  current exit code is 0
2021-12-08 05:48:40,336 cli.py run_cli_command 104 INFO  :: ['{"Response": {"command":"CREATEARRAY","rid":"0d296ba7-57ea-11ec-917b-ac1f6b5a6938","result":{"status":{"code":2504,"description":"failed to create POS_ARRAY1(code:2504)"}},"info":{"version":"v0.10.5"}} }\r\n']
2021-12-08 05:48:40,336 cli.py run_cli_command 108 INFO  :: command execution completed in  : 0:00:00.070727 secs 
2021-12-08 05:48:40,336 cli.py run_cli_command 112 INFO  :: Raw output of the command create -b uram0 -d unvme-ns-0,unvme-ns-1 -s unvme-ns-3 -a POS_ARRAY1 --raid RAID5 is {"Response": {"command":"CREATEARRAY","rid":"0d296ba7-57ea-11ec-917b-ac1f6b5a6938","result":{"status":{"code":2504,"description":"failed to create POS_ARRAY1(code:2504)"}},"info":{"version":"v0.10.5"}} }

2021-12-08 05:48:40,336 cli.py parse_out 43 INFO  :: status code response from the command CREATEARRAY is 2504
2021-12-08 05:48:40,336 cli.py parse_out 47 INFO  :: DESCRIPTION reposonse from command CREATEARRAY is failed to create POS_ARRAY1(code:2504)
2021-12-08 05:48:40,337 cli.py parse_out 68 INFO  :: {'output': {'Response': {'command': 'CREATEARRAY', 'rid': '0d296ba7-57ea-11ec-917b-ac1f6b5a6938', 'result': {'status': {'code': 2504, 'description': 'failed to create POS_ARRAY1(code:2504)'}}, 'info': {'version': 'v0.10.5'}}}, 'command': 'CREATEARRAY', 'status_code': 2504, 'description': 'failed to create POS_ARRAY1(code:2504)', 'params': {}, 'data': {}}
2021-12-08 05:48:40,337 cli.py create_array 293 ERROR  :: failed due to CLI Error
2021-12-08 05:48:40,338 conftest.py pytest_runtest_logreport 71 INFO  :: ======================== Test Status : PASS ========================
2021-12-08 05:48:40,339 node.py execute 205 DEBUG  :: Executing Command "pkill -9 pos" on host 107.111.150.69
2021-12-08 05:48:40,375 node.py execute 227 DEBUG  :: expected_exit_code is 0 and  current exit code is 0
2021-12-08 05:48:40,377 conftest.py pytest_runtest_protocol 38 INFO  :: End Time : 12/08/2021, 05:48:40
2021-12-08 05:48:40,377 conftest.py pytest_runtest_protocol 43 INFO  :: Execution Time : 0 minutes 0 seconds
2021-12-08 05:48:40,377 conftest.py pytest_runtest_protocol 47 INFO  :: ======================== END OF test_create_array_2_data_disks ========================
2021-12-08 05:48:40,396 conftest.py pytest_sessionfinish 94 INFO  :: Test Session End Time : 12/08/2021, 05:48:40
2021-12-08 05:48:40,396 conftest.py pytest_sessionfinish 101 INFO  :: Total Session Time : 2 minutes 37 seconds
2021-12-08 05:48:40,396 conftest.py pytest_sessionfinish 105 INFO  :: Logs and Html report for executed TCs are present in /root/commit/nov_12_dsk_opn/trident/logs/POS_2021-12-08_05_46
